<?xml version="1.0" encoding="UTF-8"?>
<!-- Generated by org.testng.reporters.JUnitXMLReporter -->
<testsuite hostname="dream" ignored="2" name="ChromeTestCases" tests="13" failures="0" timestamp="30 Dec 2020 06:04:38 GMT" time="251.345" errors="0">
  <testcase name="testRegistration" time="12.347" classname="com.romanceabroad.ui.RegistrationTests"/>
  <testcase name="testRegistration" time="11.276" classname="com.romanceabroad.ui.RegistrationTests"/>
  <testcase name="testRegistration" time="11.011" classname="com.romanceabroad.ui.RegistrationTests"/>
  <testcase name="testRegistration2" time="10.645" classname="com.romanceabroad.ui.RegistrationTests"/>
  <testcase name="testRegistration2" time="3.511" classname="com.romanceabroad.ui.RegistrationTests"/>
  <testcase name="testRegistration2" time="10.757" classname="com.romanceabroad.ui.RegistrationTests"/>
  <testcase name="testRegistration2" time="11.345" classname="com.romanceabroad.ui.RegistrationTests2"/>
  <testcase name="testRegistration2" time="3.507" classname="com.romanceabroad.ui.RegistrationTests2"/>
  <testcase name="testRegistration2" time="10.158" classname="com.romanceabroad.ui.RegistrationTests2"/>
  <testcase name="testGiftSearch" time="6.782" classname="com.romanceabroad.ui.GiftsTests"/>
  <testcase name="testGiftSearch" time="8.177" classname="com.romanceabroad.ui.GiftsTests"/>
  <testcase name="testGiftSearch" time="7.166" classname="com.romanceabroad.ui.GiftsTests"/>
  <testcase name="testGiftSearch" time="6.395" classname="com.romanceabroad.ui.GiftsTests"/>
  <testcase name="testBestsellerSelection" time="0.0" classname="com.romanceabroad.ui.GiftsTests">
    <ignored/>
  </testcase> <!-- testBestsellerSelection -->
  <testcase name="testBestsellerPurchase" time="0.0" classname="com.romanceabroad.ui.GiftsTests">
    <ignored/>
  </testcase> <!-- testBestsellerPurchase -->
</testsuite> <!-- ChromeTestCases -->
