<?xml version="1.0" encoding="UTF-8"?>
<!-- Generated by org.testng.reporters.JUnitXMLReporter -->
<testsuite hostname="dream" ignored="2" name="FireFoxTestCases" tests="13" failures="0" timestamp="30 Dec 2020 06:07:21 GMT" time="414.775" errors="0">
  <testcase name="testRegistration" time="11.471" classname="com.romanceabroad.ui.RegistrationTests"/>
  <testcase name="testRegistration" time="11.048" classname="com.romanceabroad.ui.RegistrationTests"/>
  <testcase name="testRegistration" time="10.761" classname="com.romanceabroad.ui.RegistrationTests"/>
  <testcase name="testRegistration2" time="11.001" classname="com.romanceabroad.ui.RegistrationTests"/>
  <testcase name="testRegistration2" time="4.202" classname="com.romanceabroad.ui.RegistrationTests"/>
  <testcase name="testRegistration2" time="11.26" classname="com.romanceabroad.ui.RegistrationTests"/>
  <testcase name="testRegistration2" time="10.744" classname="com.romanceabroad.ui.RegistrationTests2"/>
  <testcase name="testRegistration2" time="4.191" classname="com.romanceabroad.ui.RegistrationTests2"/>
  <testcase name="testRegistration2" time="10.237" classname="com.romanceabroad.ui.RegistrationTests2"/>
  <testcase name="testGiftSearch" time="7.088" classname="com.romanceabroad.ui.GiftsTests"/>
  <testcase name="testGiftSearch" time="6.596" classname="com.romanceabroad.ui.GiftsTests"/>
  <testcase name="testGiftSearch" time="6.586" classname="com.romanceabroad.ui.GiftsTests"/>
  <testcase name="testGiftSearch" time="6.545" classname="com.romanceabroad.ui.GiftsTests"/>
  <testcase name="testBestsellerSelection" time="0.0" classname="com.romanceabroad.ui.GiftsTests">
    <ignored/>
  </testcase> <!-- testBestsellerSelection -->
  <testcase name="testBestsellerPurchase" time="0.0" classname="com.romanceabroad.ui.GiftsTests">
    <ignored/>
  </testcase> <!-- testBestsellerPurchase -->
</testsuite> <!-- FireFoxTestCases -->
