<?xml version="1.0" encoding="UTF-8"?>
<!-- Generated by org.testng.reporters.JUnitXMLReporter -->
<testsuite hostname="dream" ignored="2" name="OperaTestCases" tests="13" failures="0" timestamp="30 Dec 2020 06:05:17 GMT" time="290.649" errors="0">
  <testcase name="testRegistration" time="12.482" classname="com.romanceabroad.ui.RegistrationTests"/>
  <testcase name="testRegistration" time="11.838" classname="com.romanceabroad.ui.RegistrationTests"/>
  <testcase name="testRegistration" time="11.92" classname="com.romanceabroad.ui.RegistrationTests"/>
  <testcase name="testRegistration2" time="12.262" classname="com.romanceabroad.ui.RegistrationTests"/>
  <testcase name="testRegistration2" time="3.653" classname="com.romanceabroad.ui.RegistrationTests"/>
  <testcase name="testRegistration2" time="11.824" classname="com.romanceabroad.ui.RegistrationTests"/>
  <testcase name="testRegistration2" time="11.704" classname="com.romanceabroad.ui.RegistrationTests2"/>
  <testcase name="testRegistration2" time="3.678" classname="com.romanceabroad.ui.RegistrationTests2"/>
  <testcase name="testRegistration2" time="11.294" classname="com.romanceabroad.ui.RegistrationTests2"/>
  <testcase name="testGiftSearch" time="7.666" classname="com.romanceabroad.ui.GiftsTests"/>
  <testcase name="testGiftSearch" time="6.543" classname="com.romanceabroad.ui.GiftsTests"/>
  <testcase name="testGiftSearch" time="6.441" classname="com.romanceabroad.ui.GiftsTests"/>
  <testcase name="testGiftSearch" time="5.817" classname="com.romanceabroad.ui.GiftsTests"/>
  <testcase name="testBestsellerSelection" time="0.0" classname="com.romanceabroad.ui.GiftsTests">
    <ignored/>
  </testcase> <!-- testBestsellerSelection -->
  <testcase name="testBestsellerPurchase" time="0.0" classname="com.romanceabroad.ui.GiftsTests">
    <ignored/>
  </testcase> <!-- testBestsellerPurchase -->
</testsuite> <!-- OperaTestCases -->
