<?xml version="1.0" encoding="UTF-8"?>
<testng-results skipped="0" failed="0" ignored="0" total="27" passed="27">
  <reporter-output>
  </reporter-output>
  <suite name="Test Suite" duration-ms="431363" started-at="2020-12-30T05:13:59Z" finished-at="2020-12-30T05:21:10Z">
    <groups>
    </groups>
    <test name="ChromeTestCases" duration-ms="123392" started-at="2020-12-30T05:13:59Z" finished-at="2020-12-30T05:16:02Z">
      <class name="com.romanceabroad.ui.RegistrationTests">
        <test-method status="PASS" signature="setUp(java.lang.String, java.lang.reflect.Method)[pri:0, instance:com.romanceabroad.ui.RegistrationTests@1d251891]" name="setUp" is-config="true" duration-ms="11223" started-at="2020-12-30T05:13:59Z" finished-at="2020-12-30T05:14:10Z">
          <params>
            <param index="0">
              <value>
                <![CDATA[chrome]]>
              </value>
            </param>
            <param index="1">
              <value>
                <![CDATA[public void com.romanceabroad.ui.RegistrationTests.testRegistration(java.lang.String,java.lang.String,java.lang.String,java.lang.String,java.lang.String,java.lang.String,java.lang.String,java.lang.String)]]>
              </value>
            </param>
          </params>
          <reporter-output>
          </reporter-output>
        </test-method> <!-- setUp -->
        <test-method status="PASS" signature="testRegistration(java.lang.String, java.lang.String, java.lang.String, java.lang.String, java.lang.String, java.lang.String, java.lang.String, java.lang.String)[pri:0, instance:com.romanceabroad.ui.RegistrationTests@1d251891]" name="testRegistration" duration-ms="14849" started-at="2020-12-30T05:14:10Z" data-provider="Registration" finished-at="2020-12-30T05:14:25Z">
          <params>
            <param index="0">
              <value>
                <![CDATA[JohnSmith@gmail.com]]>
              </value>
            </param>
            <param index="1">
              <value>
                <![CDATA[passwOrd]]>
              </value>
            </param>
            <param index="2">
              <value>
                <![CDATA[22]]>
              </value>
            </param>
            <param index="3">
              <value>
                <![CDATA[May]]>
              </value>
            </param>
            <param index="4">
              <value>
                <![CDATA[1995]]>
              </value>
            </param>
            <param index="5">
              <value>
                <![CDATA[2223455666]]>
              </value>
            </param>
            <param index="6">
              <value>
                <![CDATA[Sydney]]>
              </value>
            </param>
            <param index="7">
              <value>
                <![CDATA[North Sydney]]>
              </value>
            </param>
          </params>
          <reporter-output>
          </reporter-output>
        </test-method> <!-- testRegistration -->
        <test-method status="PASS" signature="tearDown()[pri:0, instance:com.romanceabroad.ui.RegistrationTests@1d251891]" name="tearDown" is-config="true" duration-ms="229" started-at="2020-12-30T05:14:25Z" finished-at="2020-12-30T05:14:25Z">
          <reporter-output>
          </reporter-output>
        </test-method> <!-- tearDown -->
        <test-method status="PASS" signature="setUp(java.lang.String, java.lang.reflect.Method)[pri:0, instance:com.romanceabroad.ui.RegistrationTests@1d251891]" name="setUp" is-config="true" duration-ms="7925" started-at="2020-12-30T05:14:25Z" finished-at="2020-12-30T05:14:33Z">
          <params>
            <param index="0">
              <value>
                <![CDATA[chrome]]>
              </value>
            </param>
            <param index="1">
              <value>
                <![CDATA[public void com.romanceabroad.ui.RegistrationTests.testRegistration(java.lang.String,java.lang.String,java.lang.String,java.lang.String,java.lang.String,java.lang.String,java.lang.String,java.lang.String)]]>
              </value>
            </param>
          </params>
          <reporter-output>
          </reporter-output>
        </test-method> <!-- setUp -->
        <test-method status="PASS" signature="testRegistration(java.lang.String, java.lang.String, java.lang.String, java.lang.String, java.lang.String, java.lang.String, java.lang.String, java.lang.String)[pri:0, instance:com.romanceabroad.ui.RegistrationTests@1d251891]" name="testRegistration" duration-ms="13886" started-at="2020-12-30T05:14:33Z" data-provider="Registration" finished-at="2020-12-30T05:14:47Z">
          <params>
            <param index="0">
              <value>
                <![CDATA[Dwall@gmail.com]]>
              </value>
            </param>
            <param index="1">
              <value>
                <![CDATA[123%%%78]]>
              </value>
            </param>
            <param index="2">
              <value>
                <![CDATA[12]]>
              </value>
            </param>
            <param index="3">
              <value>
                <![CDATA[May]]>
              </value>
            </param>
            <param index="4">
              <value>
                <![CDATA[1981]]>
              </value>
            </param>
            <param index="5">
              <value>
                <![CDATA[5556678888]]>
              </value>
            </param>
            <param index="6">
              <value>
                <![CDATA[Sydney]]>
              </value>
            </param>
            <param index="7">
              <value>
                <![CDATA[North Sydney]]>
              </value>
            </param>
          </params>
          <reporter-output>
          </reporter-output>
        </test-method> <!-- testRegistration -->
        <test-method status="PASS" signature="tearDown()[pri:0, instance:com.romanceabroad.ui.RegistrationTests@1d251891]" name="tearDown" is-config="true" duration-ms="190" started-at="2020-12-30T05:14:47Z" finished-at="2020-12-30T05:14:47Z">
          <reporter-output>
          </reporter-output>
        </test-method> <!-- tearDown -->
        <test-method status="PASS" signature="setUp(java.lang.String, java.lang.reflect.Method)[pri:0, instance:com.romanceabroad.ui.RegistrationTests@1d251891]" name="setUp" is-config="true" duration-ms="8745" started-at="2020-12-30T05:14:47Z" finished-at="2020-12-30T05:14:56Z">
          <params>
            <param index="0">
              <value>
                <![CDATA[chrome]]>
              </value>
            </param>
            <param index="1">
              <value>
                <![CDATA[public void com.romanceabroad.ui.RegistrationTests.testRegistration(java.lang.String,java.lang.String,java.lang.String,java.lang.String,java.lang.String,java.lang.String,java.lang.String,java.lang.String)]]>
              </value>
            </param>
          </params>
          <reporter-output>
          </reporter-output>
        </test-method> <!-- setUp -->
        <test-method status="PASS" signature="testRegistration(java.lang.String, java.lang.String, java.lang.String, java.lang.String, java.lang.String, java.lang.String, java.lang.String, java.lang.String)[pri:0, instance:com.romanceabroad.ui.RegistrationTests@1d251891]" name="testRegistration" duration-ms="12701" started-at="2020-12-30T05:14:56Z" data-provider="Registration" finished-at="2020-12-30T05:15:08Z">
          <params>
            <param index="0">
              <value>
                <![CDATA[DennyG@gmail.com]]>
              </value>
            </param>
            <param index="1">
              <value>
                <![CDATA[1234567]]>
              </value>
            </param>
            <param index="2">
              <value>
                <![CDATA[1]]>
              </value>
            </param>
            <param index="3">
              <value>
                <![CDATA[Jan]]>
              </value>
            </param>
            <param index="4">
              <value>
                <![CDATA[2001]]>
              </value>
            </param>
            <param index="5">
              <value>
                <![CDATA[3860445567]]>
              </value>
            </param>
            <param index="6">
              <value>
                <![CDATA[Sydney]]>
              </value>
            </param>
            <param index="7">
              <value>
                <![CDATA[North Sydney]]>
              </value>
            </param>
          </params>
          <reporter-output>
          </reporter-output>
        </test-method> <!-- testRegistration -->
        <test-method status="PASS" signature="tearDown()[pri:0, instance:com.romanceabroad.ui.RegistrationTests@1d251891]" name="tearDown" is-config="true" duration-ms="262" started-at="2020-12-30T05:15:08Z" finished-at="2020-12-30T05:15:09Z">
          <reporter-output>
          </reporter-output>
        </test-method> <!-- tearDown -->
        <test-method status="PASS" signature="setUp(java.lang.String, java.lang.reflect.Method)[pri:0, instance:com.romanceabroad.ui.RegistrationTests@1d251891]" name="setUp" is-config="true" duration-ms="8174" started-at="2020-12-30T05:15:09Z" finished-at="2020-12-30T05:15:17Z">
          <params>
            <param index="0">
              <value>
                <![CDATA[chrome]]>
              </value>
            </param>
            <param index="1">
              <value>
                <![CDATA[public void com.romanceabroad.ui.RegistrationTests.testRegistration2(java.lang.String,java.lang.String,boolean)]]>
              </value>
            </param>
          </params>
          <reporter-output>
          </reporter-output>
        </test-method> <!-- setUp -->
        <test-method status="PASS" signature="testRegistration2(java.lang.String, java.lang.String, boolean)[pri:0, instance:com.romanceabroad.ui.RegistrationTests@1d251891]" name="testRegistration2" duration-ms="12641" started-at="2020-12-30T05:15:17Z" data-provider="Registration2" finished-at="2020-12-30T05:15:29Z">
          <params>
            <param index="0">
              <value>
                <![CDATA[11@gmail.com]]>
              </value>
            </param>
            <param index="1">
              <value>
                <![CDATA[John51959]]>
              </value>
            </param>
            <param index="2">
              <value>
                <![CDATA[true]]>
              </value>
            </param>
          </params>
          <reporter-output>
          </reporter-output>
        </test-method> <!-- testRegistration2 -->
        <test-method status="PASS" signature="tearDown()[pri:0, instance:com.romanceabroad.ui.RegistrationTests@1d251891]" name="tearDown" is-config="true" duration-ms="235" started-at="2020-12-30T05:15:29Z" finished-at="2020-12-30T05:15:30Z">
          <reporter-output>
          </reporter-output>
        </test-method> <!-- tearDown -->
        <test-method status="PASS" signature="setUp(java.lang.String, java.lang.reflect.Method)[pri:0, instance:com.romanceabroad.ui.RegistrationTests@1d251891]" name="setUp" is-config="true" duration-ms="7747" started-at="2020-12-30T05:15:30Z" finished-at="2020-12-30T05:15:37Z">
          <params>
            <param index="0">
              <value>
                <![CDATA[chrome]]>
              </value>
            </param>
            <param index="1">
              <value>
                <![CDATA[public void com.romanceabroad.ui.RegistrationTests.testRegistration2(java.lang.String,java.lang.String,boolean)]]>
              </value>
            </param>
          </params>
          <reporter-output>
          </reporter-output>
        </test-method> <!-- setUp -->
        <test-method status="PASS" signature="testRegistration2(java.lang.String, java.lang.String, boolean)[pri:0, instance:com.romanceabroad.ui.RegistrationTests@1d251891]" name="testRegistration2" duration-ms="3752" started-at="2020-12-30T05:15:37Z" data-provider="Registration2" finished-at="2020-12-30T05:15:41Z">
          <params>
            <param index="0">
              <value>
                <![CDATA[11gmail.com]]>
              </value>
            </param>
            <param index="1">
              <value>
                <![CDATA[John51959]]>
              </value>
            </param>
            <param index="2">
              <value>
                <![CDATA[false]]>
              </value>
            </param>
          </params>
          <reporter-output>
          </reporter-output>
        </test-method> <!-- testRegistration2 -->
        <test-method status="PASS" signature="tearDown()[pri:0, instance:com.romanceabroad.ui.RegistrationTests@1d251891]" name="tearDown" is-config="true" duration-ms="352" started-at="2020-12-30T05:15:41Z" finished-at="2020-12-30T05:15:42Z">
          <reporter-output>
          </reporter-output>
        </test-method> <!-- tearDown -->
        <test-method status="PASS" signature="setUp(java.lang.String, java.lang.reflect.Method)[pri:0, instance:com.romanceabroad.ui.RegistrationTests@1d251891]" name="setUp" is-config="true" duration-ms="7733" started-at="2020-12-30T05:15:42Z" finished-at="2020-12-30T05:15:49Z">
          <params>
            <param index="0">
              <value>
                <![CDATA[chrome]]>
              </value>
            </param>
            <param index="1">
              <value>
                <![CDATA[public void com.romanceabroad.ui.RegistrationTests.testRegistration2(java.lang.String,java.lang.String,boolean)]]>
              </value>
            </param>
          </params>
          <reporter-output>
          </reporter-output>
        </test-method> <!-- setUp -->
        <test-method status="PASS" signature="testRegistration2(java.lang.String, java.lang.String, boolean)[pri:0, instance:com.romanceabroad.ui.RegistrationTests@1d251891]" name="testRegistration2" duration-ms="12421" started-at="2020-12-30T05:15:49Z" data-provider="Registration2" finished-at="2020-12-30T05:16:02Z">
          <params>
            <param index="0">
              <value>
                <![CDATA[11@yandex.com]]>
              </value>
            </param>
            <param index="1">
              <value>
                <![CDATA[John51959]]>
              </value>
            </param>
            <param index="2">
              <value>
                <![CDATA[true]]>
              </value>
            </param>
          </params>
          <reporter-output>
          </reporter-output>
        </test-method> <!-- testRegistration2 -->
        <test-method status="PASS" signature="tearDown()[pri:0, instance:com.romanceabroad.ui.RegistrationTests@1d251891]" name="tearDown" is-config="true" duration-ms="194" started-at="2020-12-30T05:16:02Z" finished-at="2020-12-30T05:16:02Z">
          <reporter-output>
          </reporter-output>
        </test-method> <!-- tearDown -->
      </class> <!-- com.romanceabroad.ui.RegistrationTests -->
      <class name="com.romanceabroad.ui.RegistrationTests2">
        <test-method status="PASS" signature="setUp(java.lang.String, java.lang.reflect.Method)[pri:0, instance:com.romanceabroad.ui.RegistrationTests2@48140564]" name="setUp" is-config="true" duration-ms="10478" started-at="2020-12-30T05:13:59Z" finished-at="2020-12-30T05:14:09Z">
          <params>
            <param index="0">
              <value>
                <![CDATA[chrome]]>
              </value>
            </param>
            <param index="1">
              <value>
                <![CDATA[public void com.romanceabroad.ui.RegistrationTests2.testRegistration2(java.lang.String,java.lang.String,boolean)]]>
              </value>
            </param>
          </params>
          <reporter-output>
          </reporter-output>
        </test-method> <!-- setUp -->
        <test-method status="PASS" signature="testRegistration2(java.lang.String, java.lang.String, boolean)[pri:0, instance:com.romanceabroad.ui.RegistrationTests2@48140564]" name="testRegistration2" duration-ms="14886" started-at="2020-12-30T05:14:09Z" data-provider="Registration2" finished-at="2020-12-30T05:14:24Z">
          <params>
            <param index="0">
              <value>
                <![CDATA[11@gmail.com]]>
              </value>
            </param>
            <param index="1">
              <value>
                <![CDATA[John51959]]>
              </value>
            </param>
            <param index="2">
              <value>
                <![CDATA[true]]>
              </value>
            </param>
          </params>
          <reporter-output>
          </reporter-output>
        </test-method> <!-- testRegistration2 -->
        <test-method status="PASS" signature="tearDown()[pri:0, instance:com.romanceabroad.ui.RegistrationTests2@48140564]" name="tearDown" is-config="true" duration-ms="198" started-at="2020-12-30T05:14:24Z" finished-at="2020-12-30T05:14:24Z">
          <reporter-output>
          </reporter-output>
        </test-method> <!-- tearDown -->
        <test-method status="PASS" signature="setUp(java.lang.String, java.lang.reflect.Method)[pri:0, instance:com.romanceabroad.ui.RegistrationTests2@48140564]" name="setUp" is-config="true" duration-ms="8832" started-at="2020-12-30T05:14:24Z" finished-at="2020-12-30T05:14:33Z">
          <params>
            <param index="0">
              <value>
                <![CDATA[chrome]]>
              </value>
            </param>
            <param index="1">
              <value>
                <![CDATA[public void com.romanceabroad.ui.RegistrationTests2.testRegistration2(java.lang.String,java.lang.String,boolean)]]>
              </value>
            </param>
          </params>
          <reporter-output>
          </reporter-output>
        </test-method> <!-- setUp -->
        <test-method status="PASS" signature="testRegistration2(java.lang.String, java.lang.String, boolean)[pri:0, instance:com.romanceabroad.ui.RegistrationTests2@48140564]" name="testRegistration2" duration-ms="3855" started-at="2020-12-30T05:14:33Z" data-provider="Registration2" finished-at="2020-12-30T05:14:37Z">
          <params>
            <param index="0">
              <value>
                <![CDATA[11gmail.com]]>
              </value>
            </param>
            <param index="1">
              <value>
                <![CDATA[John51959]]>
              </value>
            </param>
            <param index="2">
              <value>
                <![CDATA[false]]>
              </value>
            </param>
          </params>
          <reporter-output>
          </reporter-output>
        </test-method> <!-- testRegistration2 -->
        <test-method status="PASS" signature="tearDown()[pri:0, instance:com.romanceabroad.ui.RegistrationTests2@48140564]" name="tearDown" is-config="true" duration-ms="235" started-at="2020-12-30T05:14:37Z" finished-at="2020-12-30T05:14:37Z">
          <reporter-output>
          </reporter-output>
        </test-method> <!-- tearDown -->
        <test-method status="PASS" signature="setUp(java.lang.String, java.lang.reflect.Method)[pri:0, instance:com.romanceabroad.ui.RegistrationTests2@48140564]" name="setUp" is-config="true" duration-ms="8330" started-at="2020-12-30T05:14:37Z" finished-at="2020-12-30T05:14:45Z">
          <params>
            <param index="0">
              <value>
                <![CDATA[chrome]]>
              </value>
            </param>
            <param index="1">
              <value>
                <![CDATA[public void com.romanceabroad.ui.RegistrationTests2.testRegistration2(java.lang.String,java.lang.String,boolean)]]>
              </value>
            </param>
          </params>
          <reporter-output>
          </reporter-output>
        </test-method> <!-- setUp -->
        <test-method status="PASS" signature="testRegistration2(java.lang.String, java.lang.String, boolean)[pri:0, instance:com.romanceabroad.ui.RegistrationTests2@48140564]" name="testRegistration2" duration-ms="13872" started-at="2020-12-30T05:14:45Z" data-provider="Registration2" finished-at="2020-12-30T05:14:59Z">
          <params>
            <param index="0">
              <value>
                <![CDATA[11@yandex.com]]>
              </value>
            </param>
            <param index="1">
              <value>
                <![CDATA[John51959]]>
              </value>
            </param>
            <param index="2">
              <value>
                <![CDATA[true]]>
              </value>
            </param>
          </params>
          <reporter-output>
          </reporter-output>
        </test-method> <!-- testRegistration2 -->
        <test-method status="PASS" signature="tearDown()[pri:0, instance:com.romanceabroad.ui.RegistrationTests2@48140564]" name="tearDown" is-config="true" duration-ms="256" started-at="2020-12-30T05:14:59Z" finished-at="2020-12-30T05:15:00Z">
          <reporter-output>
          </reporter-output>
        </test-method> <!-- tearDown -->
      </class> <!-- com.romanceabroad.ui.RegistrationTests2 -->
    </test> <!-- ChromeTestCases -->
    <test name="FireFoxTestCases" duration-ms="178219" started-at="2020-12-30T05:16:02Z" finished-at="2020-12-30T05:19:00Z">
      <class name="com.romanceabroad.ui.RegistrationTests">
        <test-method status="PASS" signature="setUp(java.lang.String, java.lang.reflect.Method)[pri:0, instance:com.romanceabroad.ui.RegistrationTests@506e6d5e]" name="setUp" is-config="true" duration-ms="14330" started-at="2020-12-30T05:16:02Z" finished-at="2020-12-30T05:16:16Z">
          <params>
            <param index="0">
              <value>
                <![CDATA[firefox]]>
              </value>
            </param>
            <param index="1">
              <value>
                <![CDATA[public void com.romanceabroad.ui.RegistrationTests.testRegistration(java.lang.String,java.lang.String,java.lang.String,java.lang.String,java.lang.String,java.lang.String,java.lang.String,java.lang.String)]]>
              </value>
            </param>
          </params>
          <reporter-output>
          </reporter-output>
        </test-method> <!-- setUp -->
        <test-method status="PASS" signature="testRegistration(java.lang.String, java.lang.String, java.lang.String, java.lang.String, java.lang.String, java.lang.String, java.lang.String, java.lang.String)[pri:0, instance:com.romanceabroad.ui.RegistrationTests@506e6d5e]" name="testRegistration" duration-ms="12213" started-at="2020-12-30T05:16:16Z" data-provider="Registration" finished-at="2020-12-30T05:16:29Z">
          <params>
            <param index="0">
              <value>
                <![CDATA[JohnSmith@gmail.com]]>
              </value>
            </param>
            <param index="1">
              <value>
                <![CDATA[passwOrd]]>
              </value>
            </param>
            <param index="2">
              <value>
                <![CDATA[22]]>
              </value>
            </param>
            <param index="3">
              <value>
                <![CDATA[May]]>
              </value>
            </param>
            <param index="4">
              <value>
                <![CDATA[1995]]>
              </value>
            </param>
            <param index="5">
              <value>
                <![CDATA[2223455666]]>
              </value>
            </param>
            <param index="6">
              <value>
                <![CDATA[Sydney]]>
              </value>
            </param>
            <param index="7">
              <value>
                <![CDATA[North Sydney]]>
              </value>
            </param>
          </params>
          <reporter-output>
          </reporter-output>
        </test-method> <!-- testRegistration -->
        <test-method status="PASS" signature="tearDown()[pri:0, instance:com.romanceabroad.ui.RegistrationTests@506e6d5e]" name="tearDown" is-config="true" duration-ms="3058" started-at="2020-12-30T05:16:29Z" finished-at="2020-12-30T05:16:32Z">
          <reporter-output>
          </reporter-output>
        </test-method> <!-- tearDown -->
        <test-method status="PASS" signature="setUp(java.lang.String, java.lang.reflect.Method)[pri:0, instance:com.romanceabroad.ui.RegistrationTests@506e6d5e]" name="setUp" is-config="true" duration-ms="23257" started-at="2020-12-30T05:16:32Z" finished-at="2020-12-30T05:16:55Z">
          <params>
            <param index="0">
              <value>
                <![CDATA[firefox]]>
              </value>
            </param>
            <param index="1">
              <value>
                <![CDATA[public void com.romanceabroad.ui.RegistrationTests.testRegistration(java.lang.String,java.lang.String,java.lang.String,java.lang.String,java.lang.String,java.lang.String,java.lang.String,java.lang.String)]]>
              </value>
            </param>
          </params>
          <reporter-output>
          </reporter-output>
        </test-method> <!-- setUp -->
        <test-method status="PASS" signature="testRegistration(java.lang.String, java.lang.String, java.lang.String, java.lang.String, java.lang.String, java.lang.String, java.lang.String, java.lang.String)[pri:0, instance:com.romanceabroad.ui.RegistrationTests@506e6d5e]" name="testRegistration" duration-ms="11685" started-at="2020-12-30T05:16:55Z" data-provider="Registration" finished-at="2020-12-30T05:17:07Z">
          <params>
            <param index="0">
              <value>
                <![CDATA[Dwall@gmail.com]]>
              </value>
            </param>
            <param index="1">
              <value>
                <![CDATA[123%%%78]]>
              </value>
            </param>
            <param index="2">
              <value>
                <![CDATA[12]]>
              </value>
            </param>
            <param index="3">
              <value>
                <![CDATA[May]]>
              </value>
            </param>
            <param index="4">
              <value>
                <![CDATA[1981]]>
              </value>
            </param>
            <param index="5">
              <value>
                <![CDATA[5556678888]]>
              </value>
            </param>
            <param index="6">
              <value>
                <![CDATA[Sydney]]>
              </value>
            </param>
            <param index="7">
              <value>
                <![CDATA[North Sydney]]>
              </value>
            </param>
          </params>
          <reporter-output>
          </reporter-output>
        </test-method> <!-- testRegistration -->
        <test-method status="PASS" signature="tearDown()[pri:0, instance:com.romanceabroad.ui.RegistrationTests@506e6d5e]" name="tearDown" is-config="true" duration-ms="3963" started-at="2020-12-30T05:17:07Z" finished-at="2020-12-30T05:17:11Z">
          <reporter-output>
          </reporter-output>
        </test-method> <!-- tearDown -->
        <test-method status="PASS" signature="setUp(java.lang.String, java.lang.reflect.Method)[pri:0, instance:com.romanceabroad.ui.RegistrationTests@506e6d5e]" name="setUp" is-config="true" duration-ms="16085" started-at="2020-12-30T05:17:11Z" finished-at="2020-12-30T05:17:27Z">
          <params>
            <param index="0">
              <value>
                <![CDATA[firefox]]>
              </value>
            </param>
            <param index="1">
              <value>
                <![CDATA[public void com.romanceabroad.ui.RegistrationTests.testRegistration(java.lang.String,java.lang.String,java.lang.String,java.lang.String,java.lang.String,java.lang.String,java.lang.String,java.lang.String)]]>
              </value>
            </param>
          </params>
          <reporter-output>
          </reporter-output>
        </test-method> <!-- setUp -->
        <test-method status="PASS" signature="testRegistration(java.lang.String, java.lang.String, java.lang.String, java.lang.String, java.lang.String, java.lang.String, java.lang.String, java.lang.String)[pri:0, instance:com.romanceabroad.ui.RegistrationTests@506e6d5e]" name="testRegistration" duration-ms="11823" started-at="2020-12-30T05:17:27Z" data-provider="Registration" finished-at="2020-12-30T05:17:38Z">
          <params>
            <param index="0">
              <value>
                <![CDATA[DennyG@gmail.com]]>
              </value>
            </param>
            <param index="1">
              <value>
                <![CDATA[1234567]]>
              </value>
            </param>
            <param index="2">
              <value>
                <![CDATA[1]]>
              </value>
            </param>
            <param index="3">
              <value>
                <![CDATA[Jan]]>
              </value>
            </param>
            <param index="4">
              <value>
                <![CDATA[2001]]>
              </value>
            </param>
            <param index="5">
              <value>
                <![CDATA[3860445567]]>
              </value>
            </param>
            <param index="6">
              <value>
                <![CDATA[Sydney]]>
              </value>
            </param>
            <param index="7">
              <value>
                <![CDATA[North Sydney]]>
              </value>
            </param>
          </params>
          <reporter-output>
          </reporter-output>
        </test-method> <!-- testRegistration -->
        <test-method status="PASS" signature="tearDown()[pri:0, instance:com.romanceabroad.ui.RegistrationTests@506e6d5e]" name="tearDown" is-config="true" duration-ms="1949" started-at="2020-12-30T05:17:38Z" finished-at="2020-12-30T05:17:40Z">
          <reporter-output>
          </reporter-output>
        </test-method> <!-- tearDown -->
        <test-method status="PASS" signature="setUp(java.lang.String, java.lang.reflect.Method)[pri:0, instance:com.romanceabroad.ui.RegistrationTests@506e6d5e]" name="setUp" is-config="true" duration-ms="13800" started-at="2020-12-30T05:17:40Z" finished-at="2020-12-30T05:17:54Z">
          <params>
            <param index="0">
              <value>
                <![CDATA[firefox]]>
              </value>
            </param>
            <param index="1">
              <value>
                <![CDATA[public void com.romanceabroad.ui.RegistrationTests.testRegistration2(java.lang.String,java.lang.String,boolean)]]>
              </value>
            </param>
          </params>
          <reporter-output>
          </reporter-output>
        </test-method> <!-- setUp -->
        <test-method status="PASS" signature="testRegistration2(java.lang.String, java.lang.String, boolean)[pri:0, instance:com.romanceabroad.ui.RegistrationTests@506e6d5e]" name="testRegistration2" duration-ms="10436" started-at="2020-12-30T05:17:54Z" data-provider="Registration2" finished-at="2020-12-30T05:18:05Z">
          <params>
            <param index="0">
              <value>
                <![CDATA[11@gmail.com]]>
              </value>
            </param>
            <param index="1">
              <value>
                <![CDATA[John51959]]>
              </value>
            </param>
            <param index="2">
              <value>
                <![CDATA[true]]>
              </value>
            </param>
          </params>
          <reporter-output>
          </reporter-output>
        </test-method> <!-- testRegistration2 -->
        <test-method status="PASS" signature="tearDown()[pri:0, instance:com.romanceabroad.ui.RegistrationTests@506e6d5e]" name="tearDown" is-config="true" duration-ms="1655" started-at="2020-12-30T05:18:05Z" finished-at="2020-12-30T05:18:06Z">
          <reporter-output>
          </reporter-output>
        </test-method> <!-- tearDown -->
        <test-method status="PASS" signature="setUp(java.lang.String, java.lang.reflect.Method)[pri:0, instance:com.romanceabroad.ui.RegistrationTests@506e6d5e]" name="setUp" is-config="true" duration-ms="16571" started-at="2020-12-30T05:18:06Z" finished-at="2020-12-30T05:18:23Z">
          <params>
            <param index="0">
              <value>
                <![CDATA[firefox]]>
              </value>
            </param>
            <param index="1">
              <value>
                <![CDATA[public void com.romanceabroad.ui.RegistrationTests.testRegistration2(java.lang.String,java.lang.String,boolean)]]>
              </value>
            </param>
          </params>
          <reporter-output>
          </reporter-output>
        </test-method> <!-- setUp -->
        <test-method status="PASS" signature="testRegistration2(java.lang.String, java.lang.String, boolean)[pri:0, instance:com.romanceabroad.ui.RegistrationTests@506e6d5e]" name="testRegistration2" duration-ms="4182" started-at="2020-12-30T05:18:23Z" data-provider="Registration2" finished-at="2020-12-30T05:18:27Z">
          <params>
            <param index="0">
              <value>
                <![CDATA[11gmail.com]]>
              </value>
            </param>
            <param index="1">
              <value>
                <![CDATA[John51959]]>
              </value>
            </param>
            <param index="2">
              <value>
                <![CDATA[false]]>
              </value>
            </param>
          </params>
          <reporter-output>
          </reporter-output>
        </test-method> <!-- testRegistration2 -->
        <test-method status="PASS" signature="tearDown()[pri:0, instance:com.romanceabroad.ui.RegistrationTests@506e6d5e]" name="tearDown" is-config="true" duration-ms="1732" started-at="2020-12-30T05:18:27Z" finished-at="2020-12-30T05:18:29Z">
          <reporter-output>
          </reporter-output>
        </test-method> <!-- tearDown -->
        <test-method status="PASS" signature="setUp(java.lang.String, java.lang.reflect.Method)[pri:0, instance:com.romanceabroad.ui.RegistrationTests@506e6d5e]" name="setUp" is-config="true" duration-ms="17062" started-at="2020-12-30T05:18:29Z" finished-at="2020-12-30T05:18:46Z">
          <params>
            <param index="0">
              <value>
                <![CDATA[firefox]]>
              </value>
            </param>
            <param index="1">
              <value>
                <![CDATA[public void com.romanceabroad.ui.RegistrationTests.testRegistration2(java.lang.String,java.lang.String,boolean)]]>
              </value>
            </param>
          </params>
          <reporter-output>
          </reporter-output>
        </test-method> <!-- setUp -->
        <test-method status="PASS" signature="testRegistration2(java.lang.String, java.lang.String, boolean)[pri:0, instance:com.romanceabroad.ui.RegistrationTests@506e6d5e]" name="testRegistration2" duration-ms="10243" started-at="2020-12-30T05:18:46Z" data-provider="Registration2" finished-at="2020-12-30T05:18:56Z">
          <params>
            <param index="0">
              <value>
                <![CDATA[11@yandex.com]]>
              </value>
            </param>
            <param index="1">
              <value>
                <![CDATA[John51959]]>
              </value>
            </param>
            <param index="2">
              <value>
                <![CDATA[true]]>
              </value>
            </param>
          </params>
          <reporter-output>
          </reporter-output>
        </test-method> <!-- testRegistration2 -->
        <test-method status="PASS" signature="tearDown()[pri:0, instance:com.romanceabroad.ui.RegistrationTests@506e6d5e]" name="tearDown" is-config="true" duration-ms="4167" started-at="2020-12-30T05:18:56Z" finished-at="2020-12-30T05:19:00Z">
          <reporter-output>
          </reporter-output>
        </test-method> <!-- tearDown -->
      </class> <!-- com.romanceabroad.ui.RegistrationTests -->
      <class name="com.romanceabroad.ui.RegistrationTests2">
        <test-method status="PASS" signature="setUp(java.lang.String, java.lang.reflect.Method)[pri:0, instance:com.romanceabroad.ui.RegistrationTests2@96532d6]" name="setUp" is-config="true" duration-ms="14445" started-at="2020-12-30T05:16:02Z" finished-at="2020-12-30T05:16:17Z">
          <params>
            <param index="0">
              <value>
                <![CDATA[firefox]]>
              </value>
            </param>
            <param index="1">
              <value>
                <![CDATA[public void com.romanceabroad.ui.RegistrationTests2.testRegistration2(java.lang.String,java.lang.String,boolean)]]>
              </value>
            </param>
          </params>
          <reporter-output>
          </reporter-output>
        </test-method> <!-- setUp -->
        <test-method status="PASS" signature="testRegistration2(java.lang.String, java.lang.String, boolean)[pri:0, instance:com.romanceabroad.ui.RegistrationTests2@96532d6]" name="testRegistration2" duration-ms="12090" started-at="2020-12-30T05:16:17Z" data-provider="Registration2" finished-at="2020-12-30T05:16:29Z">
          <params>
            <param index="0">
              <value>
                <![CDATA[11@gmail.com]]>
              </value>
            </param>
            <param index="1">
              <value>
                <![CDATA[John51959]]>
              </value>
            </param>
            <param index="2">
              <value>
                <![CDATA[true]]>
              </value>
            </param>
          </params>
          <reporter-output>
          </reporter-output>
        </test-method> <!-- testRegistration2 -->
        <test-method status="PASS" signature="tearDown()[pri:0, instance:com.romanceabroad.ui.RegistrationTests2@96532d6]" name="tearDown" is-config="true" duration-ms="3072" started-at="2020-12-30T05:16:29Z" finished-at="2020-12-30T05:16:32Z">
          <reporter-output>
          </reporter-output>
        </test-method> <!-- tearDown -->
        <test-method status="PASS" signature="setUp(java.lang.String, java.lang.reflect.Method)[pri:0, instance:com.romanceabroad.ui.RegistrationTests2@96532d6]" name="setUp" is-config="true" duration-ms="18478" started-at="2020-12-30T05:16:32Z" finished-at="2020-12-30T05:16:50Z">
          <params>
            <param index="0">
              <value>
                <![CDATA[firefox]]>
              </value>
            </param>
            <param index="1">
              <value>
                <![CDATA[public void com.romanceabroad.ui.RegistrationTests2.testRegistration2(java.lang.String,java.lang.String,boolean)]]>
              </value>
            </param>
          </params>
          <reporter-output>
          </reporter-output>
        </test-method> <!-- setUp -->
        <test-method status="PASS" signature="testRegistration2(java.lang.String, java.lang.String, boolean)[pri:0, instance:com.romanceabroad.ui.RegistrationTests2@96532d6]" name="testRegistration2" duration-ms="4361" started-at="2020-12-30T05:16:50Z" data-provider="Registration2" finished-at="2020-12-30T05:16:55Z">
          <params>
            <param index="0">
              <value>
                <![CDATA[11gmail.com]]>
              </value>
            </param>
            <param index="1">
              <value>
                <![CDATA[John51959]]>
              </value>
            </param>
            <param index="2">
              <value>
                <![CDATA[false]]>
              </value>
            </param>
          </params>
          <reporter-output>
          </reporter-output>
        </test-method> <!-- testRegistration2 -->
        <test-method status="PASS" signature="tearDown()[pri:0, instance:com.romanceabroad.ui.RegistrationTests2@96532d6]" name="tearDown" is-config="true" duration-ms="2686" started-at="2020-12-30T05:16:55Z" finished-at="2020-12-30T05:16:57Z">
          <reporter-output>
          </reporter-output>
        </test-method> <!-- tearDown -->
        <test-method status="PASS" signature="setUp(java.lang.String, java.lang.reflect.Method)[pri:0, instance:com.romanceabroad.ui.RegistrationTests2@96532d6]" name="setUp" is-config="true" duration-ms="14247" started-at="2020-12-30T05:16:57Z" finished-at="2020-12-30T05:17:11Z">
          <params>
            <param index="0">
              <value>
                <![CDATA[firefox]]>
              </value>
            </param>
            <param index="1">
              <value>
                <![CDATA[public void com.romanceabroad.ui.RegistrationTests2.testRegistration2(java.lang.String,java.lang.String,boolean)]]>
              </value>
            </param>
          </params>
          <reporter-output>
          </reporter-output>
        </test-method> <!-- setUp -->
        <test-method status="PASS" signature="testRegistration2(java.lang.String, java.lang.String, boolean)[pri:0, instance:com.romanceabroad.ui.RegistrationTests2@96532d6]" name="testRegistration2" duration-ms="11562" started-at="2020-12-30T05:17:11Z" data-provider="Registration2" finished-at="2020-12-30T05:17:23Z">
          <params>
            <param index="0">
              <value>
                <![CDATA[11@yandex.com]]>
              </value>
            </param>
            <param index="1">
              <value>
                <![CDATA[John51959]]>
              </value>
            </param>
            <param index="2">
              <value>
                <![CDATA[true]]>
              </value>
            </param>
          </params>
          <reporter-output>
          </reporter-output>
        </test-method> <!-- testRegistration2 -->
        <test-method status="PASS" signature="tearDown()[pri:0, instance:com.romanceabroad.ui.RegistrationTests2@96532d6]" name="tearDown" is-config="true" duration-ms="3172" started-at="2020-12-30T05:17:23Z" finished-at="2020-12-30T05:17:26Z">
          <reporter-output>
          </reporter-output>
        </test-method> <!-- tearDown -->
      </class> <!-- com.romanceabroad.ui.RegistrationTests2 -->
    </test> <!-- FireFoxTestCases -->
    <test name="OperaTestCases" duration-ms="129610" started-at="2020-12-30T05:19:00Z" finished-at="2020-12-30T05:21:10Z">
      <class name="com.romanceabroad.ui.RegistrationTests">
        <test-method status="PASS" signature="setUp(java.lang.String, java.lang.reflect.Method)[pri:0, instance:com.romanceabroad.ui.RegistrationTests@35f983a6]" name="setUp" is-config="true" duration-ms="9575" started-at="2020-12-30T05:19:00Z" finished-at="2020-12-30T05:19:10Z">
          <params>
            <param index="0">
              <value>
                <![CDATA[opera]]>
              </value>
            </param>
            <param index="1">
              <value>
                <![CDATA[public void com.romanceabroad.ui.RegistrationTests.testRegistration(java.lang.String,java.lang.String,java.lang.String,java.lang.String,java.lang.String,java.lang.String,java.lang.String,java.lang.String)]]>
              </value>
            </param>
          </params>
          <reporter-output>
          </reporter-output>
        </test-method> <!-- setUp -->
        <test-method status="PASS" signature="testRegistration(java.lang.String, java.lang.String, java.lang.String, java.lang.String, java.lang.String, java.lang.String, java.lang.String, java.lang.String)[pri:0, instance:com.romanceabroad.ui.RegistrationTests@35f983a6]" name="testRegistration" duration-ms="11194" started-at="2020-12-30T05:19:10Z" data-provider="Registration" finished-at="2020-12-30T05:19:21Z">
          <params>
            <param index="0">
              <value>
                <![CDATA[JohnSmith@gmail.com]]>
              </value>
            </param>
            <param index="1">
              <value>
                <![CDATA[passwOrd]]>
              </value>
            </param>
            <param index="2">
              <value>
                <![CDATA[22]]>
              </value>
            </param>
            <param index="3">
              <value>
                <![CDATA[May]]>
              </value>
            </param>
            <param index="4">
              <value>
                <![CDATA[1995]]>
              </value>
            </param>
            <param index="5">
              <value>
                <![CDATA[2223455666]]>
              </value>
            </param>
            <param index="6">
              <value>
                <![CDATA[Sydney]]>
              </value>
            </param>
            <param index="7">
              <value>
                <![CDATA[North Sydney]]>
              </value>
            </param>
          </params>
          <reporter-output>
          </reporter-output>
        </test-method> <!-- testRegistration -->
        <test-method status="PASS" signature="tearDown()[pri:0, instance:com.romanceabroad.ui.RegistrationTests@35f983a6]" name="tearDown" is-config="true" duration-ms="2571" started-at="2020-12-30T05:19:21Z" finished-at="2020-12-30T05:19:24Z">
          <reporter-output>
          </reporter-output>
        </test-method> <!-- tearDown -->
        <test-method status="PASS" signature="setUp(java.lang.String, java.lang.reflect.Method)[pri:0, instance:com.romanceabroad.ui.RegistrationTests@35f983a6]" name="setUp" is-config="true" duration-ms="23200" started-at="2020-12-30T05:19:24Z" finished-at="2020-12-30T05:19:47Z">
          <params>
            <param index="0">
              <value>
                <![CDATA[opera]]>
              </value>
            </param>
            <param index="1">
              <value>
                <![CDATA[public void com.romanceabroad.ui.RegistrationTests.testRegistration(java.lang.String,java.lang.String,java.lang.String,java.lang.String,java.lang.String,java.lang.String,java.lang.String,java.lang.String)]]>
              </value>
            </param>
          </params>
          <reporter-output>
          </reporter-output>
        </test-method> <!-- setUp -->
        <test-method status="PASS" signature="testRegistration(java.lang.String, java.lang.String, java.lang.String, java.lang.String, java.lang.String, java.lang.String, java.lang.String, java.lang.String)[pri:0, instance:com.romanceabroad.ui.RegistrationTests@35f983a6]" name="testRegistration" duration-ms="10536" started-at="2020-12-30T05:19:47Z" data-provider="Registration" finished-at="2020-12-30T05:19:57Z">
          <params>
            <param index="0">
              <value>
                <![CDATA[Dwall@gmail.com]]>
              </value>
            </param>
            <param index="1">
              <value>
                <![CDATA[123%%%78]]>
              </value>
            </param>
            <param index="2">
              <value>
                <![CDATA[12]]>
              </value>
            </param>
            <param index="3">
              <value>
                <![CDATA[May]]>
              </value>
            </param>
            <param index="4">
              <value>
                <![CDATA[1981]]>
              </value>
            </param>
            <param index="5">
              <value>
                <![CDATA[5556678888]]>
              </value>
            </param>
            <param index="6">
              <value>
                <![CDATA[Sydney]]>
              </value>
            </param>
            <param index="7">
              <value>
                <![CDATA[North Sydney]]>
              </value>
            </param>
          </params>
          <reporter-output>
          </reporter-output>
        </test-method> <!-- testRegistration -->
        <test-method status="PASS" signature="tearDown()[pri:0, instance:com.romanceabroad.ui.RegistrationTests@35f983a6]" name="tearDown" is-config="true" duration-ms="793" started-at="2020-12-30T05:19:57Z" finished-at="2020-12-30T05:19:58Z">
          <reporter-output>
          </reporter-output>
        </test-method> <!-- tearDown -->
        <test-method status="PASS" signature="setUp(java.lang.String, java.lang.reflect.Method)[pri:0, instance:com.romanceabroad.ui.RegistrationTests@35f983a6]" name="setUp" is-config="true" duration-ms="11500" started-at="2020-12-30T05:19:58Z" finished-at="2020-12-30T05:20:10Z">
          <params>
            <param index="0">
              <value>
                <![CDATA[opera]]>
              </value>
            </param>
            <param index="1">
              <value>
                <![CDATA[public void com.romanceabroad.ui.RegistrationTests.testRegistration(java.lang.String,java.lang.String,java.lang.String,java.lang.String,java.lang.String,java.lang.String,java.lang.String,java.lang.String)]]>
              </value>
            </param>
          </params>
          <reporter-output>
          </reporter-output>
        </test-method> <!-- setUp -->
        <test-method status="PASS" signature="testRegistration(java.lang.String, java.lang.String, java.lang.String, java.lang.String, java.lang.String, java.lang.String, java.lang.String, java.lang.String)[pri:0, instance:com.romanceabroad.ui.RegistrationTests@35f983a6]" name="testRegistration" duration-ms="10637" started-at="2020-12-30T05:20:10Z" data-provider="Registration" finished-at="2020-12-30T05:20:20Z">
          <params>
            <param index="0">
              <value>
                <![CDATA[DennyG@gmail.com]]>
              </value>
            </param>
            <param index="1">
              <value>
                <![CDATA[1234567]]>
              </value>
            </param>
            <param index="2">
              <value>
                <![CDATA[1]]>
              </value>
            </param>
            <param index="3">
              <value>
                <![CDATA[Jan]]>
              </value>
            </param>
            <param index="4">
              <value>
                <![CDATA[2001]]>
              </value>
            </param>
            <param index="5">
              <value>
                <![CDATA[3860445567]]>
              </value>
            </param>
            <param index="6">
              <value>
                <![CDATA[Sydney]]>
              </value>
            </param>
            <param index="7">
              <value>
                <![CDATA[North Sydney]]>
              </value>
            </param>
          </params>
          <reporter-output>
          </reporter-output>
        </test-method> <!-- testRegistration -->
        <test-method status="PASS" signature="tearDown()[pri:0, instance:com.romanceabroad.ui.RegistrationTests@35f983a6]" name="tearDown" is-config="true" duration-ms="522" started-at="2020-12-30T05:20:20Z" finished-at="2020-12-30T05:20:21Z">
          <reporter-output>
          </reporter-output>
        </test-method> <!-- tearDown -->
        <test-method status="PASS" signature="setUp(java.lang.String, java.lang.reflect.Method)[pri:0, instance:com.romanceabroad.ui.RegistrationTests@35f983a6]" name="setUp" is-config="true" duration-ms="9133" started-at="2020-12-30T05:20:21Z" finished-at="2020-12-30T05:20:30Z">
          <params>
            <param index="0">
              <value>
                <![CDATA[opera]]>
              </value>
            </param>
            <param index="1">
              <value>
                <![CDATA[public void com.romanceabroad.ui.RegistrationTests.testRegistration2(java.lang.String,java.lang.String,boolean)]]>
              </value>
            </param>
          </params>
          <reporter-output>
          </reporter-output>
        </test-method> <!-- setUp -->
        <test-method status="PASS" signature="testRegistration2(java.lang.String, java.lang.String, boolean)[pri:0, instance:com.romanceabroad.ui.RegistrationTests@35f983a6]" name="testRegistration2" duration-ms="10484" started-at="2020-12-30T05:20:30Z" data-provider="Registration2" finished-at="2020-12-30T05:20:40Z">
          <params>
            <param index="0">
              <value>
                <![CDATA[11@gmail.com]]>
              </value>
            </param>
            <param index="1">
              <value>
                <![CDATA[John51959]]>
              </value>
            </param>
            <param index="2">
              <value>
                <![CDATA[true]]>
              </value>
            </param>
          </params>
          <reporter-output>
          </reporter-output>
        </test-method> <!-- testRegistration2 -->
        <test-method status="PASS" signature="tearDown()[pri:0, instance:com.romanceabroad.ui.RegistrationTests@35f983a6]" name="tearDown" is-config="true" duration-ms="373" started-at="2020-12-30T05:20:40Z" finished-at="2020-12-30T05:20:41Z">
          <reporter-output>
          </reporter-output>
        </test-method> <!-- tearDown -->
        <test-method status="PASS" signature="setUp(java.lang.String, java.lang.reflect.Method)[pri:0, instance:com.romanceabroad.ui.RegistrationTests@35f983a6]" name="setUp" is-config="true" duration-ms="7222" started-at="2020-12-30T05:20:41Z" finished-at="2020-12-30T05:20:48Z">
          <params>
            <param index="0">
              <value>
                <![CDATA[opera]]>
              </value>
            </param>
            <param index="1">
              <value>
                <![CDATA[public void com.romanceabroad.ui.RegistrationTests.testRegistration2(java.lang.String,java.lang.String,boolean)]]>
              </value>
            </param>
          </params>
          <reporter-output>
          </reporter-output>
        </test-method> <!-- setUp -->
        <test-method status="PASS" signature="testRegistration2(java.lang.String, java.lang.String, boolean)[pri:0, instance:com.romanceabroad.ui.RegistrationTests@35f983a6]" name="testRegistration2" duration-ms="3511" started-at="2020-12-30T05:20:48Z" data-provider="Registration2" finished-at="2020-12-30T05:20:52Z">
          <params>
            <param index="0">
              <value>
                <![CDATA[11gmail.com]]>
              </value>
            </param>
            <param index="1">
              <value>
                <![CDATA[John51959]]>
              </value>
            </param>
            <param index="2">
              <value>
                <![CDATA[false]]>
              </value>
            </param>
          </params>
          <reporter-output>
          </reporter-output>
        </test-method> <!-- testRegistration2 -->
        <test-method status="PASS" signature="tearDown()[pri:0, instance:com.romanceabroad.ui.RegistrationTests@35f983a6]" name="tearDown" is-config="true" duration-ms="233" started-at="2020-12-30T05:20:52Z" finished-at="2020-12-30T05:20:52Z">
          <reporter-output>
          </reporter-output>
        </test-method> <!-- tearDown -->
        <test-method status="PASS" signature="setUp(java.lang.String, java.lang.reflect.Method)[pri:0, instance:com.romanceabroad.ui.RegistrationTests@35f983a6]" name="setUp" is-config="true" duration-ms="7470" started-at="2020-12-30T05:20:52Z" finished-at="2020-12-30T05:20:59Z">
          <params>
            <param index="0">
              <value>
                <![CDATA[opera]]>
              </value>
            </param>
            <param index="1">
              <value>
                <![CDATA[public void com.romanceabroad.ui.RegistrationTests.testRegistration2(java.lang.String,java.lang.String,boolean)]]>
              </value>
            </param>
          </params>
          <reporter-output>
          </reporter-output>
        </test-method> <!-- setUp -->
        <test-method status="PASS" signature="testRegistration2(java.lang.String, java.lang.String, boolean)[pri:0, instance:com.romanceabroad.ui.RegistrationTests@35f983a6]" name="testRegistration2" duration-ms="10460" started-at="2020-12-30T05:20:59Z" data-provider="Registration2" finished-at="2020-12-30T05:21:10Z">
          <params>
            <param index="0">
              <value>
                <![CDATA[11@yandex.com]]>
              </value>
            </param>
            <param index="1">
              <value>
                <![CDATA[John51959]]>
              </value>
            </param>
            <param index="2">
              <value>
                <![CDATA[true]]>
              </value>
            </param>
          </params>
          <reporter-output>
          </reporter-output>
        </test-method> <!-- testRegistration2 -->
        <test-method status="PASS" signature="tearDown()[pri:0, instance:com.romanceabroad.ui.RegistrationTests@35f983a6]" name="tearDown" is-config="true" duration-ms="189" started-at="2020-12-30T05:21:10Z" finished-at="2020-12-30T05:21:10Z">
          <reporter-output>
          </reporter-output>
        </test-method> <!-- tearDown -->
      </class> <!-- com.romanceabroad.ui.RegistrationTests -->
      <class name="com.romanceabroad.ui.RegistrationTests2">
        <test-method status="PASS" signature="setUp(java.lang.String, java.lang.reflect.Method)[pri:0, instance:com.romanceabroad.ui.RegistrationTests2@7f690630]" name="setUp" is-config="true" duration-ms="9767" started-at="2020-12-30T05:19:00Z" finished-at="2020-12-30T05:19:10Z">
          <params>
            <param index="0">
              <value>
                <![CDATA[opera]]>
              </value>
            </param>
            <param index="1">
              <value>
                <![CDATA[public void com.romanceabroad.ui.RegistrationTests2.testRegistration2(java.lang.String,java.lang.String,boolean)]]>
              </value>
            </param>
          </params>
          <reporter-output>
          </reporter-output>
        </test-method> <!-- setUp -->
        <test-method status="PASS" signature="testRegistration2(java.lang.String, java.lang.String, boolean)[pri:0, instance:com.romanceabroad.ui.RegistrationTests2@7f690630]" name="testRegistration2" duration-ms="10986" started-at="2020-12-30T05:19:10Z" data-provider="Registration2" finished-at="2020-12-30T05:19:21Z">
          <params>
            <param index="0">
              <value>
                <![CDATA[11@gmail.com]]>
              </value>
            </param>
            <param index="1">
              <value>
                <![CDATA[John51959]]>
              </value>
            </param>
            <param index="2">
              <value>
                <![CDATA[true]]>
              </value>
            </param>
          </params>
          <reporter-output>
          </reporter-output>
        </test-method> <!-- testRegistration2 -->
        <test-method status="PASS" signature="tearDown()[pri:0, instance:com.romanceabroad.ui.RegistrationTests2@7f690630]" name="tearDown" is-config="true" duration-ms="2585" started-at="2020-12-30T05:19:21Z" finished-at="2020-12-30T05:19:24Z">
          <reporter-output>
          </reporter-output>
        </test-method> <!-- tearDown -->
        <test-method status="PASS" signature="setUp(java.lang.String, java.lang.reflect.Method)[pri:0, instance:com.romanceabroad.ui.RegistrationTests2@7f690630]" name="setUp" is-config="true" duration-ms="22737" started-at="2020-12-30T05:19:24Z" finished-at="2020-12-30T05:19:46Z">
          <params>
            <param index="0">
              <value>
                <![CDATA[opera]]>
              </value>
            </param>
            <param index="1">
              <value>
                <![CDATA[public void com.romanceabroad.ui.RegistrationTests2.testRegistration2(java.lang.String,java.lang.String,boolean)]]>
              </value>
            </param>
          </params>
          <reporter-output>
          </reporter-output>
        </test-method> <!-- setUp -->
        <test-method status="PASS" signature="testRegistration2(java.lang.String, java.lang.String, boolean)[pri:0, instance:com.romanceabroad.ui.RegistrationTests2@7f690630]" name="testRegistration2" duration-ms="3501" started-at="2020-12-30T05:19:46Z" data-provider="Registration2" finished-at="2020-12-30T05:19:50Z">
          <params>
            <param index="0">
              <value>
                <![CDATA[11gmail.com]]>
              </value>
            </param>
            <param index="1">
              <value>
                <![CDATA[John51959]]>
              </value>
            </param>
            <param index="2">
              <value>
                <![CDATA[false]]>
              </value>
            </param>
          </params>
          <reporter-output>
          </reporter-output>
        </test-method> <!-- testRegistration2 -->
        <test-method status="PASS" signature="tearDown()[pri:0, instance:com.romanceabroad.ui.RegistrationTests2@7f690630]" name="tearDown" is-config="true" duration-ms="872" started-at="2020-12-30T05:19:50Z" finished-at="2020-12-30T05:19:51Z">
          <reporter-output>
          </reporter-output>
        </test-method> <!-- tearDown -->
        <test-method status="PASS" signature="setUp(java.lang.String, java.lang.reflect.Method)[pri:0, instance:com.romanceabroad.ui.RegistrationTests2@7f690630]" name="setUp" is-config="true" duration-ms="13428" started-at="2020-12-30T05:19:51Z" finished-at="2020-12-30T05:20:04Z">
          <params>
            <param index="0">
              <value>
                <![CDATA[opera]]>
              </value>
            </param>
            <param index="1">
              <value>
                <![CDATA[public void com.romanceabroad.ui.RegistrationTests2.testRegistration2(java.lang.String,java.lang.String,boolean)]]>
              </value>
            </param>
          </params>
          <reporter-output>
          </reporter-output>
        </test-method> <!-- setUp -->
        <test-method status="PASS" signature="testRegistration2(java.lang.String, java.lang.String, boolean)[pri:0, instance:com.romanceabroad.ui.RegistrationTests2@7f690630]" name="testRegistration2" duration-ms="12068" started-at="2020-12-30T05:20:04Z" data-provider="Registration2" finished-at="2020-12-30T05:20:16Z">
          <params>
            <param index="0">
              <value>
                <![CDATA[11@yandex.com]]>
              </value>
            </param>
            <param index="1">
              <value>
                <![CDATA[John51959]]>
              </value>
            </param>
            <param index="2">
              <value>
                <![CDATA[true]]>
              </value>
            </param>
          </params>
          <reporter-output>
          </reporter-output>
        </test-method> <!-- testRegistration2 -->
        <test-method status="PASS" signature="tearDown()[pri:0, instance:com.romanceabroad.ui.RegistrationTests2@7f690630]" name="tearDown" is-config="true" duration-ms="516" started-at="2020-12-30T05:20:16Z" finished-at="2020-12-30T05:20:17Z">
          <reporter-output>
          </reporter-output>
        </test-method> <!-- tearDown -->
      </class> <!-- com.romanceabroad.ui.RegistrationTests2 -->
    </test> <!-- OperaTestCases -->
  </suite> <!-- Test Suite -->
</testng-results>
