<?xml version="1.0" encoding="UTF-8"?>
<testsuite xmlns:xsi="http://www.w3.org/2001/XMLSchema-instance" xsi:noNamespaceSchemaLocation="https://maven.apache.org/surefire/maven-surefire-plugin/xsd/surefire-test-report-3.0.xsd" version="3.0" name="TestSuite" time="414.975" tests="39" errors="0" skipped="0" failures="0">
  <properties>
[...]
</properties>
  <testcase name="testRegistration[JohnSmith@gmail.com, passwOrd, 22, May, 1995, 2223455666, Sydney, North Sydney](1)" classname="com.romanceabroad.ui.RegistrationTests" time="0.793">
    <system-out><![CDATA[22
22
May
May
1995
1995
North Sydney, State of New South Wales, Australia
North Sydney, State of New South Wales, Australia
]]></system-out>
    <system-err><![CDATA[Starting ChromSetaDrrtiinvge rO p8e7r.a0D.r4i2v80e.r8 88 6(.809.e42238400a.3e8360c 3(746e4db885db53bdad413502a3249db1193e8f2b544f9827900d6-rdedfs6/bbr6acnacdh-0hde3aafd-sr/e4f2s8/0@b{r#a1n7ch6-1h}e)a dosn/4 p2o4r0t@ {8#62191
8O3n}l)y  olno cporatl  1c3o6n7nec2t
Oinolnys  laorcea lal lcoowendn.e
cPtlieoansse  asree ea lhltotwpesd:./
/Pclheraosmee dsreei vhtetprs.:/c/chhrroommeidruivme.ro.crhgro/msiuem.courrgi/stecyu-rictoy-ncsonisiddeerraatitoniso fnors  sufgogerst isounsg gone sketeipionngs  Oopne rkaeDeripvienrg  sCafher.
oOmpeerDaDrriivvere wra s sstaafrtee.d
 CshucrcoesmsefuDlrlyi.
ver was started successfully.
1609308027743	mozrunner::runner	INFO	Running command: "/usr/lib/firefox/firefox" "-marionette" "-foreground" "-no-remote" "-profile" "/tmp/rust_mozprofileMErCjm"
Dec 29, 2020 10:00:28 PM org.openqa.selenium.remote.ProtocolHandshake createSession
INFO: Detected dialect: W3C
[1609308030.667][WARNING]: This version of OperaDriver has not been tested with Opera version 87.
Dec 29, 2020 10:00:30 PM org.openqa.selenium.remote.ProtocolHandshake createSession
INFO: Detected dialect: OSS
console.warn: SearchSettings: "get: No settings file exists, new profile?" (new Error("", "(unknown module)"))
console.error: Region.jsm: "Error fetching region" (new Error("TIMEOUT", "resource://gre/modules/Region.jsm", 726))
console.error: Region.jsm: "Failed to fetch region" (new Error("TIMEOUT", "resource://gre/modules/Region.jsm", 376))
1609308039956	Marionette	INFO	Listening on port 39157
1609308040015	Marionette	WARN	TLS certificate errors will be ignored for this session
Dec 29, 2020 10:00:40 PM org.openqa.selenium.remote.ProtocolHandshake createSession
INFO: Detected dialect: W3C
]]></system-err>
  </testcase>
  <testcase name="testRegistration[JohnSmith@gmail.com, passwOrd, 22, May, 1995, 2223455666, Sydney, North Sydney](1)" classname="com.romanceabroad.ui.RegistrationTests" time="1.037"/>
  <testcase name="testRegistration[JohnSmith@gmail.com, passwOrd, 22, May, 1995, 2223455666, Sydney, North Sydney](1)" classname="com.romanceabroad.ui.RegistrationTests" time="11.494">
    <system-out><![CDATA[22
May
1995
North Sydney, State of New South Wales, Australia
]]></system-out>
    <system-err><![CDATA[Starting ChromeDriver 87.0.4280.88 (89e2380a3e36c3464b5dd1302349b1382549290d-refs/branch-heads/4280@{#1761}) on port 21051
Only local connections are allowed.
Please see https://chromedriver.chromium.org/security-considerations for suggestions on keeping ChromeDriver safe.
ChromeDriver was started successfully.
Dec 29, 2020 10:00:49 PM org.openqa.selenium.remote.ProtocolHandshake createSession
INFO: Detected dialect: W3C
Starting OperaDriver 86.0.4240.80 (7ed88b53bda45a2d19efb4f8706dd6b6cad0d3af-refs/branch-heads/4240@{#1183}) on port 21191
Only local connections are allowed.
Please see https://chromedriver.chromium.org/security-considerations for suggestions on keeping OperaDriver safe.
OperaDriver was started successfully.
[1609308056.014][WARNING]: This version of OperaDriver has not been tested with Opera version 87.
Dec 29, 2020 10:00:56 PM org.openqa.selenium.remote.ProtocolHandshake createSession
INFO: Detected dialect: OSS
]]></system-err>
  </testcase>
  <testcase name="testRegistration[Dwall@gmail.com, 123%%%78, 12, May, 1981, 5556678888, Sydney, North Sydney](2)" classname="com.romanceabroad.ui.RegistrationTests" time="8.077">
    <system-out><![CDATA[12
May
1981
12
May
1981
North Sydney, State of New South Wales, Australia
]]></system-out>
    <system-err><![CDATA[1609308059850	Marionette	INFO	Stopped listening on port 39157
JavaScript error: resource://activity-stream/lib/ASRouter.jsm, line 987: NS_ERROR_ILLEGAL_VALUE: Component returned failure code: 0x80070057 (NS_ERROR_ILLEGAL_VALUE) [nsIObserverService.removeObserver]

###!!! [Child][RunMessage] Error: Channel closing: too late to send/recv, messages will be lost

console.log: "RemoteSettingsWorker error: Error: Can't import when we've started shutting down."
console.log: "RemoteSettingsWorker error: Error: Can't import when we've started shutting down."
console.log: "RemoteSettingsWorker error: Error: Can't import when we've started shutting down."
console.log: "RemoteSettingsWorker error: Error: Can't import when we've started shutting down."
console.log: "RemoteSettingsWorker error: Error: Can't import when we've started shutting down."
console.error: "Could not load engine google@search.mozilla.org: [Exception... \"AddonManager is not initialized\"  nsresult: \"0xc1f30001 (NS_ERROR_NOT_INITIALIZED)\"  location: \"JS frame :: resource://gre/modules/AddonManager.jsm :: installBuiltinAddon :: line 2550\"  data: no]"
console.error: "Could not load engine amazondotcom@search.mozilla.org: [Exception... \"AddonManager is not initialized\"  nsresult: \"0xc1f30001 (NS_ERROR_NOT_INITIALIZED)\"  location: \"JS frame :: resource://gre/modules/AddonManager.jsm :: installBuiltinAddon :: line 2550\"  data: no]"
console.error: "Could not load engine wikipedia@search.mozilla.org: [Exception... \"AddonManager is not initialized\"  nsresult: \"0xc1f30001 (NS_ERROR_NOT_INITIALIZED)\"  location: \"JS frame :: resource://gre/modules/AddonManager.jsm :: installBuiltinAddon :: line 2550\"  data: no]"
console.error: "Could not load engine bing@search.mozilla.org: [Exception... \"AddonManager is not initialized\"  nsresult: \"0xc1f30001 (NS_ERROR_NOT_INITIALIZED)\"  location: \"JS frame :: resource://gre/modules/AddonManager.jsm :: installBuiltinAddon :: line 2550\"  data: no]"
console.log: "RemoteSettingsWorker error: Error: Can't import when we've started shutting down."
console.error: "Could not load engine ddg@search.mozilla.org: [Exception... \"AddonManager is not initialized\"  nsresult: \"0xc1f30001 (NS_ERROR_NOT_INITIALIZED)\"  location: \"JS frame :: resource://gre/modules/AddonManager.jsm :: installBuiltinAddon :: line 2550\"  data: no]"
console.warn: SearchService: "_init: abandoning init due to shutting down"
JavaScript error: resource://gre/modules/AsyncShutdown.jsm, line 573: uncaught exception: 2147500036
JavaScript error: resource://gre/modules/AsyncShutdown.jsm, line 573: uncaught exception: 2147500036
JavaScript error: resource://gre/modules/AsyncShutdown.jsm, line 573: uncaught exception: 2147500036
JavaScript error: resource://gre/modules/AsyncShutdown.jsm, line 573: uncaught exception: 2147500036
JavaScript error: resource://gre/modules/AsyncShutdown.jsm, line 573: uncaught exception: 2147500036
JavaScript error: resource://gre/modules/AsyncShutdown.jsm, line 573: uncaught exception: 2147500036
JavaScript error: resource://gre/modules/AsyncShutdown.jsm, line 573: uncaught exception: 2147500036
JavaScript error: resource://gre/modules/AsyncShutdown.jsm, line 573: uncaught exception: 2147500036
console.warn: services.settings: Error retrieving the getLastModified timestamp from blocklists/plugins RemoteSettingsClient Message: Error: IndexedDB: blocklists/plugins getLastModified() IndexedDB:  execute() The application is shutting down
1609308067205	mozrunner::runner	INFO	Running command: "/usr/lib/firefox/firefox" "-marionette" "-foreground" "-no-remote" "-profile" "/tmp/rust_mozprofileUL2blS"
]]></system-err>
  </testcase>
  <testcase name="testRegistration[Dwall@gmail.com, 123%%%78, 12, May, 1981, 5556678888, Sydney, North Sydney](2)" classname="com.romanceabroad.ui.RegistrationTests" time="11.834">
    <system-out><![CDATA[North Sydney, State of New South Wales, Australia
]]></system-out>
    <system-err><![CDATA[Starting ChromeDriver 87.0.4280.88 (89e2380a3e36c3464b5dd1302349b1382549290d-refs/branch-heads/4280@{#1761}) on port 1436
Only local connections are allowed.
Please see https://chromedriver.chromium.org/security-considerations for suggestions on keeping ChromeDriver safe.
ChromeDriver was started successfully.
Dec 29, 2020 10:01:12 PM org.openqa.selenium.remote.ProtocolHandshake createSession
INFO: Detected dialect: W3C
]]></system-err>
  </testcase>
  <testcase name="testRegistration[Dwall@gmail.com, 123%%%78, 12, May, 1981, 5556678888, Sydney, North Sydney](2)" classname="com.romanceabroad.ui.RegistrationTests" time="0.775">
    <system-out><![CDATA[North Sydney, State of New South Wales, Australia
]]></system-out>
    <system-err><![CDATA[Starting OperaDriver 86.0.4240.80 (7ed88b53bda45a2d19efb4f8706dd6b6cad0d3af-refs/branch-heads/4240@{#1183}) on port 21696
Only local connections are allowed.
Please see https://chromedriver.chromium.org/security-considerations for suggestions on keeping OperaDriver safe.
OperaDriver was started successfully.
]]></system-err>
  </testcase>
  <testcase name="testRegistration[DennyG@gmail.com, 1234567, 1, Jan, 2001, 3860445567, Sydney, North Sydney](3)" classname="com.romanceabroad.ui.RegistrationTests" time="2.273">
    <system-out><![CDATA[1
Jan
2001
North Sydney, State of New South Wales, Australia
]]></system-out>
    <system-err><![CDATA[Starting OperaDriver 86.0.4240.80 (7ed88b53bda45a2d19efb4f8706dd6b6cad0d3af-refs/branch-heads/4240@{#1183}) on port 4879
Only local connections are allowed.
Please see https://chromedriver.chromium.org/security-considerations for suggestions on keeping OperaDriver safe.
OperaDriver was started successfully.
console.warn: SearchSettings: "get: No settings file exists, new profile?" (new Error("", "(unknown module)"))
[1609308081.985][WARNING]: This version of OperaDriver has not been tested with Opera version 87.
Dec 29, 2020 10:01:22 PM org.openqa.selenium.remote.ProtocolHandshake createSession
INFO: Detected dialect: OSS
console.error: Region.jsm: "Error fetching region" (new Error("TIMEOUT", "resource://gre/modules/Region.jsm", 726))
console.error: Region.jsm: "Failed to fetch region" (new Error("TIMEOUT", "resource://gre/modules/Region.jsm", 376))
1609308085981	Marionette	INFO	Listening on port 35753
1609308086082	Marionette	WARN	TLS certificate errors will be ignored for this session
Dec 29, 2020 10:01:26 PM org.openqa.selenium.remote.ProtocolHandshake createSession
INFO: Detected dialect: W3C
]]></system-err>
  </testcase>
  <testcase name="testRegistration[DennyG@gmail.com, 1234567, 1, Jan, 2001, 3860445567, Sydney, North Sydney](3)" classname="com.romanceabroad.ui.RegistrationTests" time="9.544">
    <system-out><![CDATA[1
Jan
2001
12
May
1981
North Sydney, State of New South Wales, Australia
]]></system-out>
    <system-err><![CDATA[Starting ChromeDriver 87.0.4280.88 (89e2380a3e36c3464b5dd1302349b1382549290d-refs/branch-heads/4280@{#1761}) on port 14254
Only local connections are allowed.
Please see https://chromedriver.chromium.org/security-considerations for suggestions on keeping ChromeDriver safe.
ChromeDriver was started successfully.
Dec 29, 2020 10:01:32 PM org.openqa.selenium.remote.ProtocolHandshake createSession
INFO: Detected dialect: W3C
]]></system-err>
  </testcase>
  <testcase name="testRegistration[DennyG@gmail.com, 1234567, 1, Jan, 2001, 3860445567, Sydney, North Sydney](3)" classname="com.romanceabroad.ui.RegistrationTests" time="6.004">
    <system-out><![CDATA[Jan
1993
North Sydney, State of New South Wales, Australia
]]></system-out>
    <system-err><![CDATA[Starting OperaDriver 86.0.4240.80 (7ed88b53bda45a2d19efb4f8706dd6b6cad0d3af-refs/branch-heads/4240@{#1183}) on port 17763
Only local connections are allowed.
Please see https://chromedriver.chromium.org/security-considerations for suggestions on keeping OperaDriver safe.
OperaDriver was started successfully.
]]></system-err>
  </testcase>
  <testcase name="testRegistration2[11@gmail.com, John87777, true](1)" classname="com.romanceabroad.ui.RegistrationTests" time="0.553">
    <system-out><![CDATA[2
Jan
1993
North Sydney, State of New South Wales, Australia
]]></system-out>
    <system-err><![CDATA[1609308103595	Marionette	INFO	Stopped listening on port 35753
JavaScript error: resource://activity-stream/lib/ASRouter.jsm, line 987: NS_ERROR_ILLEGAL_VALUE: Component returned failure code: 0x80070057 (NS_ERROR_ILLEGAL_VALUE) [nsIObserverService.removeObserver]
[1609308106.802][WARNING]: This version of OperaDriver has not been tested with Opera version 87.
Dec 29, 2020 10:01:47 PM org.openqa.selenium.remote.ProtocolHandshake createSession
INFO: Detected dialect: OSS
console.log: "RemoteSettingsWorker error: Error: Can't import when we've started shutting down."
console.log: "RemoteSettingsWorker error: Error: Can't import when we've started shutting down."
console.log: "RemoteSettingsWorker error: Error: Can't import when we've started shutting down."
console.log: "RemoteSettingsWorker error: Error: Can't import when we've started shutting down."
console.log: "RemoteSettingsWorker error: Error: Can't import when we've started shutting down."
console.log: "RemoteSettingsWorker error: Error: Can't import when we've started shutting down."
console.error: "Could not load engine google@search.mozilla.org: [Exception... \"AddonManager is not initialized\"  nsresult: \"0xc1f30001 (NS_ERROR_NOT_INITIALIZED)\"  location: \"JS frame :: resource://gre/modules/AddonManager.jsm :: installBuiltinAddon :: line 2550\"  data: no]"
console.error: "Could not load engine amazondotcom@search.mozilla.org: [Exception... \"AddonManager is not initialized\"  nsresult: \"0xc1f30001 (NS_ERROR_NOT_INITIALIZED)\"  location: \"JS frame :: resource://gre/modules/AddonManager.jsm :: installBuiltinAddon :: line 2550\"  data: no]"
console.error: "Could not load engine wikipedia@search.mozilla.org: [Exception... \"AddonManager is not initialized\"  nsresult: \"0xc1f30001 (NS_ERROR_NOT_INITIALIZED)\"  location: \"JS frame :: resource://gre/modules/AddonManager.jsm :: installBuiltinAddon :: line 2550\"  data: no]"
console.error: "Could not load engine bing@search.mozilla.org: [Exception... \"AddonManager is not initialized\"  nsresult: \"0xc1f30001 (NS_ERROR_NOT_INITIALIZED)\"  location: \"JS frame :: resource://gre/modules/AddonManager.jsm :: installBuiltinAddon :: line 2550\"  data: no]"
console.error: "Could not load engine ddg@search.mozilla.org: [Exception... \"AddonManager is not initialized\"  nsresult: \"0xc1f30001 (NS_ERROR_NOT_INITIALIZED)\"  location: \"JS frame :: resource://gre/modules/AddonManager.jsm :: installBuiltinAddon :: line 2550\"  data: no]"
console.warn: SearchService: "_init: abandoning init due to shutting down"
console.warn: services.settings: Error retrieving the getLastModified timestamp from blocklists/plugins RemoteSettingsClient Message: Error: IndexedDB: blocklists/plugins getLastModified() IndexedDB:  execuJtae(va)Sc rTihpet  aperprliocra:t i,o nl iinse  s0h:u tutinncagu gdhotwn 
exception: 2147500036
JavaScript error: , line 0: uncaught exception: 2147500036
JavaScript error: , line 0: uncaught exception: 2147500036
JavaScript error: , line 0: uncaught exception: 2147500036
JavaScript error: , line 0: uncaught exception: 2147500036
JavaScript error: , line 0: uncaught exception: 2147500036
JavaScript error: , line 0: uncaught exception: 2147500036
JavaScript error: , line 0: uncaught exception: 2147500036
1609308111524	mozrunner::runner	INFO	Running command: "/usr/lib/firefox/firefox" "-marionette" "-foreground" "-no-remote" "-profile" "/tmp/rust_mozprofilebLEKfs"
]]></system-err>
  </testcase>
  <testcase name="testRegistration2[11@gmail.com, John87777, true](1)" classname="com.romanceabroad.ui.RegistrationTests" time="1.565">
    <system-out><![CDATA[2
Jan
1993
North Sydney, State of New South Wales, Australia
]]></system-out>
    <system-err><![CDATA[Starting ChromeDriver 87.0.4280.88 (89e2380a3e36c3464b5dd1302349b1382549290d-refs/branch-heads/4280@{#1761}) on port 24790
Only local connections are allowed.
Please see https://chromedriver.chromium.org/security-considerations for suggestions on keeping ChromeDriver safe.
ChromeDriver was started successfully.
Dec 29, 2020 10:01:53 PM org.openqa.selenium.remote.ProtocolHandshake createSession
INFO: Detected dialect: W3C
console.warn: SearchSettings: "get: No settings file exists, new profile?" (new Error("", "(unknown module)"))
]]></system-err>
  </testcase>
  <testcase name="testRegistration2[11@gmail.com, John87777, true](1)" classname="com.romanceabroad.ui.RegistrationTests" time="0.175">
    <system-out><![CDATA[2
Jan
1993
North Sydney, State of New South Wales, Australia
]]></system-out>
    <system-err><![CDATA[Starting ChromeDriver 87.0.4280.88 (89e2380a3e36c3464b5dd1302349b1382549290d-refs/branch-heads/4280@{#1761}) on port 24389
Only local connections are allowed.
Please see https://chromedriver.chromium.org/security-considerations for suggestions on keeping ChromeDriver safe.
ChromeDriver was started successfully.
Dec 29, 2020 10:02:50 PM org.openqa.selenium.remote.ProtocolHandshake createSession
INFO: Detected dialect: W3C
[1609308175.656][WARNING]: This version of OperaDriver has not been tested with Opera version 87.
Dec 29, 2020 10:02:55 PM org.openqa.selenium.remote.ProtocolHandshake createSession
INFO: Detected dialect: OSS
]]></system-err>
  </testcase>
  <testcase name="testRegistration2[11gmail.com, John87777, false](2)" classname="com.romanceabroad.ui.RegistrationTests" time="3.512">
    <system-out><![CDATA[Email is not correct
]]></system-out>
    <system-err><![CDATA[Starting OperaDriver 86.0.4240.80 (7ed88b53bda45a2d19efb4f8706dd6b6cad0d3af-refs/branch-heads/4240@{#1183}) on port 21102
Only local connections are allowed.
Please see https://chromedriver.chromium.org/security-considerations for suggestions on keeping OperaDriver safe.
OperaDriver was started successfully.
console.error: Region.jsm: "Error fetching region" (new Error("TIMEOUT", "resource://gre/modules/Region.jsm", 726))
console.error: Region.jsm: "Failed to fetch region" (new Error("TIMEOUT", "resource://gre/modules/Region.jsm", 376))
1609308126188	Marionette	INFO	Listening on port 42343
1609308126301	Marionette	WARN	TLS certificate errors will be ignored for this session
Dec 29, 2020 10:02:06 PM org.openqa.selenium.remote.ProtocolHandshake createSession
INFO: Detected dialect: W3C
]]></system-err>
  </testcase>
  <testcase name="testRegistration2[11gmail.com, John87777, false](2)" classname="com.romanceabroad.ui.RegistrationTests" time="3.653">
    <system-out><![CDATA[1
Jan
2001
2
Email is not correct
]]></system-out>
    <system-err><![CDATA[Starting ChromeDriver 87.0.4280.88 (89e2380a3e36c3464b5dd1302349b1382549290d-refs/branch-heads/4280@{#1761}) on port 8970
Only local connections are allowed.
Please see https://chromedriver.chromium.org/security-considerations for suggestions on keeping ChromeDriver safe.
ChromeDriver was started successfully.
Dec 29, 2020 10:02:07 PM org.openqa.selenium.remote.ProtocolHandshake createSession
INFO: Detected dialect: W3C
[1609308131.026][WARNING]: This version of OperaDriver has not been tested with Opera version 87.
Dec 29, 2020 10:02:11 PM org.openqa.selenium.remote.ProtocolHandshake createSession
INFO: Detected dialect: OSS
]]></system-err>
  </testcase>
  <testcase name="testRegistration2[11gmail.com, John87777, false](2)" classname="com.romanceabroad.ui.RegistrationTests" time="0.063">
    <system-out><![CDATA[Email is not correct
]]></system-out>
    <system-err><![CDATA[Starting OperaDriver 86.0.4240.80 (7ed88b53bda45a2d19efb4f8706dd6b6cad0d3af-refs/branch-heads/4240@{#1183}) on port 17720
Only local connections are allowed.
Please see https://chromedriver.chromium.org/security-considerations for suggestions on keeping OperaDriver safe.
OperaDriver was started successfully.
1609308217061	Marionette	WARN	TimedPromise timed out after 500 ms: stacktrace:
TimedPromise/<@chrome://marionette/content/sync.js:235:19
TimedPromise@chrome://marionette/content/sync.js:220:10
interaction.flushEventLoop@chrome://marionette/content/interaction.js:418:10
webdriverClickElement@chrome://marionette/content/interaction.js:179:31
[1609308217.227][WARNING]: This version of OperaDriver has not been tested with Opera version 87.
]]></system-err>
  </testcase>
  <testcase name="testRegistration2[11@yandex.com, John87777, true](3)" classname="com.romanceabroad.ui.RegistrationTests" time="9.94">
    <system-out><![CDATA[North Sydney, State of New South Wales, Australia
]]></system-out>
    <system-err><![CDATA[1609308144614	Marionette	INFO	Stopped listening on port 42343
JavaScript error: resource://activity-stream/lib/ASRouter.jsm, line 968: TypeError: this._storage is null
console.log: "RemoteSettingsWorker error: Error: Can't import when we've started shutting down."
console.log: "RemoteSettingsWorker error: Error: Can't import when we've started shutting down."
console.log: "RemoteSettingsWorker error: Error: Can't import when we've started shutting down."
console.log: "RemoteSettingsWorker error: Error: Can't import when we've started shutting down."
console.log: "RemoteSettingsWorker error: Error: Can't import when we've started shutting down."
console.log: "RemoteSettingsWorker error: Error: Can't import when we've started shutting down."
console.log: "RemoteSettingsWorker error: Error: Can't import when we've started shutting down."
console.error: "Could not load engine google@search.mozilla.org: [Exception... \"AddonManager is not initialized\"  nsresult: \"0xc1f30001 (NS_ERROR_NOT_INITIALIZED)\"  location: \"JS frame :: resource://gre/modules/AddonManager.jsm :: installBuiltinAddon :: line 2550\"  data: no]"
console.error: "Could not load engine amazondotcom@search.mozilla.org: [Exception... \"AddonManager is not initialized\"  nsresult: \"0xc1f30001 (NS_ERROR_NOT_INITIALIZED)\"  location: \"JS frame :: resource://gre/modules/AddonManager.jsm :: installBuiltinAddon :: line 2550\"  data: no]"
console.error: "Could not load engine wikipedia@search.mozilla.org: [Exception... \"AddonManager is not initialized\"  nsresult: \"0xc1f30001 (NS_ERROR_NOT_INITIALIZED)\"  location: \"JS frame :: resource://gre/modules/AddonManager.jsm :: installBuiltinAddon :: line 2550\"  data: no]"
console.error: "Could not load engine bing@search.mozilla.org: [Exception... \"AddonManager is not initialized\"  nsresult: \"0xc1f30001 (NS_ERROR_NOT_INITIALIZED)\"  location: \"JS frame :: resource://gre/modules/AddonManager.jsm :: installBuiltinAddon :: line 2550\"  data: no]"
console.error: "Could not load engine ddg@search.mozilla.org: [Exception... \"AddonManager is not initialized\"  nsresult: \"0xc1f30001 (NS_ERROR_NOT_INITIALIZED)\"  location: \"JS frame :: resource://gre/modules/AddonManager.jsm :: installBuiltinAddon :: line 2550\"  data: no]"
console.warn: SearchService: "_init: abandoning init due to shutting down"
JavaScript error: resource://gre/modules/AsyncShutdown.jsm, line 573: uncaught exception: 2147500036
JavaScript error: resource://gre/modules/AsyncShutdown.jsm, line 573: uncaught exception: 2147500036
JavaScript error: resource://gre/modules/AsyncShutdown.jsm, line 573: uncaught exception: 2147500036
JavaScript error: resource://gre/modules/AsyncShutdown.jsm, line 573: uncaught exception: 2147500036
JavaScript error: resource://gre/modules/AsyncShutdown.jsm, line 573: uncaught exception: 2147500036
JavaScript error: resource://gre/modules/AsyncShutdown.jsm, line 573: uncaught exception: 2147500036
JavaScript error: resource://gre/modules/AsyncShutdown.jsm, line 573: uncaught exception: 2147500036
JavaScript error: resource://gre/modules/AsyncShutdown.jsm, line 573: uncaught exception: 2147500036
console.warn: services.settings: Error retrieving the getLastModified timestamp from blocklists/plugins RemoteSettingsClient Message: Error: IndexedDB: blocklists/plugins getLastModified() IndexedDB:  execute() The application is shutting down
[1609308147.713][WARNING]: This version of OperaDriver has not been tested with Opera version 87.
Dec 29, 2020 10:02:27 PM org.openqa.selenium.remote.ProtocolHandshake createSession
INFO: Detected dialect: OSS
]]></system-err>
  </testcase>
  <testcase name="testRegistration2[11@yandex.com, John87777, true](3)" classname="com.romanceabroad.ui.RegistrationTests" time="9.543">
    <system-out><![CDATA[2
Jan
1993
2
Jan
1993
North Sydney, State of New South Wales, Australia
]]></system-out>
    <system-err><![CDATA[Starting ChromeDriver 87.0.4280.88 (89e2380a3e36c3464b5dd1302349b1382549290d-refs/branch-heads/4280@{#1761}) on port 8699
Only local connections are allowed.
Please see https://chromedriver.chromium.org/security-considerations for suggestions on keeping ChromeDriver safe.
ChromeDriver was started successfully.
Dec 29, 2020 10:02:28 PM org.openqa.selenium.remote.ProtocolHandshake createSession
INFO: Detected dialect: W3C
1609308149775	mozrunner::runner	INFO	Running command: "/usr/lib/firefox/firefox" "-marionette" "-foreground" "-no-remote" "-profile" "/tmp/rust_mozprofileJb4IRm"
console.warn: SearchSettings: "get: No settings file exists, new profile?" (new Error("", "(unknown module)"))
console.error: Region.jsm: "Error fetching region" (new Error("TIMEOUT", "resource://gre/modules/Region.jsm", 726))
console.error: Region.jsm: "Failed to fetch region" (new Error("TIMEOUT", "resource://gre/modules/Region.jsm", 376))
1609308162585	Marionette	INFO	Listening on port 43525
1609308162653	Marionette	WARN	TLS certificate errors will be ignored for this session
Dec 29, 2020 10:02:42 PM org.openqa.selenium.remote.ProtocolHandshake createSession
INFO: Detected dialect: W3C
]]></system-err>
  </testcase>
  <testcase name="testRegistration2[11@yandex.com, John87777, true](3)" classname="com.romanceabroad.ui.RegistrationTests" time="8.418">
    <system-out><![CDATA[North Sydney, State of New South Wales, Australia
]]></system-out>
    <system-err><![CDATA[Starting ChromeDriver 87.0.4280.88 (89e2380a3e36c3464b5dd1302349b1382549290d-refs/branch-heads/4280@{#1761}) on port 32210
Only local connections are allowed.
Please see https://chromedriver.chromium.org/security-considerations for suggestions on keeping ChromeDriver safe.
ChromeDriver was started successfully.
Dec 29, 2020 10:04:21 PM org.openqa.selenium.remote.ProtocolHandshake createSession
INFO: Detected dialect: W3C
]]></system-err>
  </testcase>
  <testcase name="testRegistration2[11@gmail.com, John87777, true](1)" classname="com.romanceabroad.ui.RegistrationTests2" time="11.346">
    <system-out><![CDATA[North Sydney, State of New South Wales, Australia
]]></system-out>
    <system-err><![CDATA[Starting OperaDriver 86.0.4240.80 (7ed88b53bda45a2d19efb4f8706dd6b6cad0d3af-refs/branch-heads/4240@{#1183}) on port 20717
Only local connections are allowed.
Please see https://chromedriver.chromium.org/security-considerations for suggestions on keeping OperaDriver safe.
OperaDriver was started successfully.
]]></system-err>
  </testcase>
  <testcase name="testRegistration2[11@gmail.com, John87777, true](1)" classname="com.romanceabroad.ui.RegistrationTests2" time="11.704">
    <system-out><![CDATA[2
Jan
1993
North Sydney, State of New South Wales, Australia
]]></system-out>
    <system-err><![CDATA[Starting ChromeDriver 87.0.4280.88 (89e2380a3e36c3464b5dd1302349b1382549290d-refs/branch-heads/4280@{#1761}) on port 28221
Only local connections are allowed.
Please see https://chromedriver.chromium.org/security-considerations for suggestions on keeping ChromeDriver safe.
ChromeDriver was started successfully.
Dec 29, 2020 10:03:07 PM org.openqa.selenium.remote.ProtocolHandshake createSession
INFO: Detected dialect: W3C
1609308188927	mozrunner::runner	INFO	Running command: "/usr/lib/firefox/firefox" "-marionette" "-foreground" "-no-remote" "-profile" "/tmp/rust_mozprofilefJShwd"
]]></system-err>
  </testcase>
  <testcase name="testRegistration2[11@gmail.com, John87777, true](1)" classname="com.romanceabroad.ui.RegistrationTests2" time="8.908">
    <system-out><![CDATA[North Sydney, State of New South Wales, Australia
]]></system-out>
    <system-err><![CDATA[Starting OperaDriver 86.0.4240.80 (7ed88b53bda45a2d19efb4f8706dd6b6cad0d3af-refs/branch-heads/4240@{#1183}) on port 23953
Only local connections are allowed.
Please see https://chromedriver.chromium.org/security-considerations for suggestions on keeping OperaDriver safe.
OperaDriver was started successfully.
]]></system-err>
  </testcase>
  <testcase name="testRegistration2[11gmail.com, John87777, false](2)" classname="com.romanceabroad.ui.RegistrationTests2" time="3.507">
    <system-out><![CDATA[Email is not correct
]]></system-out>
    <system-err><![CDATA[1609308182913	Marionette	INFO	Stopped listening on port 43525
JavaScript error: resource://activity-stream/lib/ASRouter.jsm, line 987: NS_ERROR_ILLEGAL_VALUE: Component returned failure code: 0x80070057 (NS_ERROR_ILLEGAL_VALUE) [nsIObserverService.removeObserver]
]]></system-err>
  </testcase>
  <testcase name="testRegistration2[11gmail.com, John87777, false](2)" classname="com.romanceabroad.ui.RegistrationTests2" time="3.676">
    <system-out><![CDATA[Email is not correct
]]></system-out>
    <system-err><![CDATA[Starting ChromeDriver 87.0.4280.88 (89e2380a3e36c3464b5dd1302349b1382549290d-refs/branch-heads/4280@{#1761}) on port 27351
Only local connections are allowed.
Please see https://chromedriver.chromium.org/security-considerations for suggestions on keeping ChromeDriver safe.
ChromeDriver was started successfully.
Dec 29, 2020 10:03:27 PM org.openqa.selenium.remote.ProtocolHandshake createSession
INFO: Detected dialect: W3C
]]></system-err>
  </testcase>
  <testcase name="testRegistration2[11gmail.com, John87777, false](2)" classname="com.romanceabroad.ui.RegistrationTests2" time="4.192">
    <system-out><![CDATA[Email is not correct
]]></system-out>
    <system-err><![CDATA[1609308326100	Marionette	WARN	TimedPromise timed out after 500 ms: stacktrace:
TimedPromise/<@chrome://marionette/content/sync.js:235:19
TimedPromise@chrome://marionette/content/sync.js:220:10
interaction.flushEventLoop@chrome://marionette/content/interaction.js:418:10
webdriverClickElement@chrome://marionette/content/interaction.js:179:31
]]></system-err>
  </testcase>
  <testcase name="testRegistration2[11@yandex.com, John87777, true](3)" classname="com.romanceabroad.ui.RegistrationTests2" time="10.157">
    <system-out><![CDATA[2
Jan
1993
North Sydney, State of New South Wales, Australia
]]></system-out>
    <system-err><![CDATA[Starting OperaDriver 86.0.4240.80 (7ed88b53bda45a2d19efb4f8706dd6b6cad0d3af-refs/branch-heads/4240@{#1183}) on port 2141
Only local connections are allowed.
Please see https://chromedriver.chromium.org/security-considerations for suggestions on keeping OperaDriver safe.
OperaDriver was started successfully.
console.warn: SearchSettings: "get: No settings file exists, new profile?" (new Error("", "(unknown module)"))
[1609308198.687][WARNING]: This version of OperaDriver has not been tested with Opera version 87.
Dec 29, 2020 10:03:18 PM org.openqa.selenium.remote.ProtocolHandshake createSession
INFO: Detected dialect: OSS
console.error: Region.jsm: "Error fetching region" (new Error("TIMEOUT", "resource://gre/modules/Region.jsm", 726))
console.error: Region.jsm: "Failed to fetch region" (new Error("TIMEOUT", "resource://gre/modules/Region.jsm", 376))
1609308203568	Marionette	INFO	Listening on port 33937
1609308203692	Marionette	WARN	TLS certificate errors will be ignored for this session
Dec 29, 2020 10:03:23 PM org.openqa.selenium.remote.ProtocolHandshake createSession
INFO: Detected dialect: W3C
]]></system-err>
  </testcase>
  <testcase name="testRegistration2[11@yandex.com, John87777, true](3)" classname="com.romanceabroad.ui.RegistrationTests2" time="1.243">
    <system-out><![CDATA[2
Jan
1993
North Sydney, State of New South Wales, Australia
]]></system-out>
    <system-err><![CDATA[Starting ChromeDriver 87.0.4280.88 (89e2380a3e36c3464b5dd1302349b1382549290d-refs/branch-heads/4280@{#1761}) on port 5591
Only local connections are allowed.
Please see https://chromedriver.chromium.org/security-considerations for suggestions on keeping ChromeDriver safe.
ChromeDriver was started successfully.
Dec 29, 2020 10:03:45 PM org.openqa.selenium.remote.ProtocolHandshake createSession
INFO: Detected dialect: W3C
1609308225362	mozrunner::runner	INFO	Running command: "/usr/lib/firefox/firefox" "-marionette" "-foreground" "-no-remote" "-profile" "/tmp/rust_mozprofilecpEhVK"
console.warn: SearchSettings: "get: No settings file exists, new profile?" (new Error("", "(unknown module)"))
]]></system-err>
  </testcase>
  <testcase name="testRegistration2[11@yandex.com, John87777, true](3)" classname="com.romanceabroad.ui.RegistrationTests2" time="10.234">
    <system-out><![CDATA[2
Jan
1993
North Sydney, State of New South Wales, Australia
]]></system-out>
    <system-err><![CDATA[1609308326362	Marionette	INFO	Stopped listening on port 33843
JavaScript error: resource://activity-stream/lib/ASRouter.jsm, line 987: NS_ERROR_ILLEGAL_VALUE: Component returned failure code: 0x80070057 (NS_ERROR_ILLEGAL_VALUE) [nsIObserverService.removeObserver]
1609308328028	mozrunner::runner	INFO	Running command: "/usr/lib/firefox/firefox" "-marionette" "-foreground" "-no-remote" "-profile" "/tmp/rust_mozprofile0A1Ufz"
console.warn: SearchSettings: "get: No settings file exists, new profile?" (new Error("", "(unknown module)"))
1609308335828	Marionette	INFO	Listening on port 37667
1609308335880	Marionette	WARN	TLS certificate errors will be ignored for this session
Dec 29, 2020 10:05:35 PM org.openqa.selenium.remote.ProtocolHandshake createSession
INFO: Detected dialect: W3C
]]></system-err>
  </testcase>
  <testcase name="testGiftSearch[Flower basket](1)" classname="com.romanceabroad.ui.GiftsTests" time="6.782">
    <system-err><![CDATA[1609308217305	Marionette	INFO	Stopped listening on port 33937
JavaScript error: resource://activity-stream/lib/ASRouter.jsm, line 968: TypeError: this._storage is null
JavaScript error: resource://gre/modules/UrlClassifierListManager.jsm, line 691: TypeError: this.tablesData[table] is undefined
Dec 29, 2020 10:03:37 PM org.openqa.selenium.remote.ProtocolHandshake createSession
INFO: Detected dialect: OSS
console.log: "RemoteSettingsWorker error: Error: Can't import when we've started shutting down."
console.log: "RemoteSettingsWorker error: Error: Can't import when we've started shutting down."
console.log: "RemoteSettingsWorker error: Error: Can't import when we've started shutting down."
console.log: "RemoteSettingsWorker error: Error: Can't import when we've started shutting down."
console.log: "RemoteSettingsWorker error: Error: Can't import when we've started shutting down."
console.log: "RemoteSettingsWorker error: Error: Can't import when we've started shutting down."
console.log: "RemoteSettingsWorker error: Error: Can't import when we've started shutting down."
console.error: "Could not load engine google@search.mozilla.org: [Exception... \"AddonManager is not initialized\"  nsresult: \"0xc1f30001 (NS_ERROR_NOT_INITIALIZED)\"  location: \"JS frame :: resource://gre/modules/AddonManager.jsm :: installBuiltinAddon :: line 2550\"  data: no]"
console.error: "Could not load engine amazondotcom@search.mozilla.org: [Exception... \"AddonManager is not initialized\"  nsresult: \"0xc1f30001 (NS_ERROR_NOT_INITIALIZED)\"  location: \"JS frame :: resource://gre/modules/AddonManager.jsm :: installBuiltinAddon :: line 2550\"  data: no]"
console.error: "Could not load engine wikipedia@search.mozilla.org: [Exception... \"AddonManager is not initialized\"  nsresult: \"0xc1f30001 (NS_ERROR_NOT_INITIALIZED)\"  location: \"JS frame :: resource://gre/modules/AddonManager.jsm :: installBuiltinAddon :: line 2550\"  data: no]"
console.error: "Could not load engine bing@search.mozilla.org: [Exception... \"AddonManager is not initialized\"  nsresult: \"0xc1f30001 (NS_ERROR_NOT_INITIALIZED)\"  location: \"JS frame :: resource://gre/modules/AddonManager.jsm :: installBuiltinAddon :: line 2550\"  data: no]"
console.error: "Could not load engine ddg@search.mozilla.org: [Exception... \"AddonManager is not initialized\"  nsresult: \"0xc1f30001 (NS_ERROR_NOT_INITIALIZED)\"  location: \"JS frame :: resource://gre/modules/AddonManager.jsm :: installBuiltinAddon :: line 2550\"  data: no]"
console.warn: SearchService: "_init: abandoning init due to shutting down"
console.warn: services.settings: Error retrieving the getLastModified timestamp from blocklists/plugins RemoteSettingsClient Message: Error: IndexedDB: blocklists/plugins getLastModified() IndexedDB:  execute() The application is shutting down
JavaScript error: , line 0: uncaught exception: 2147500036
JavaScript error: , line 0: uncaught exception: 2147500036
JavaScript error: , line 0: uncaught exception: 2147500036
JavaScript error: , line 0: uncaught exception: 2147500036
JavaScript error: , line 0: uncaught exception: 2147500036
JavaScript error: , line 0: uncaught exception: 2147500036
JavaScript error: , line 0: uncaught exception: 2147500036
JavaScript error: , line 0: uncaught exception: 2147500036
console.error: PushService: 
  stateChangeProcessEnqueue: Error transitioning state
  AbortError
console.error: PushService: 
  clearOriginData: Error clearing origin data:
  AbortError
]]></system-err>
  </testcase>
  <testcase name="testGiftSearch[Flower basket](1)" classname="com.romanceabroad.ui.GiftsTests" time="6.436">
    <system-out><![CDATA[2
Jan
1993
]]></system-out>
    <system-err><![CDATA[Starting ChromeDriver 87.0.4280.88 (89e2380a3e36c3464b5dd1302349b1382549290d-refs/branch-heads/4280@{#1761}) on port 5318
Only local connections are allowed.
Please see https://chromedriver.chromium.org/security-considerations for suggestions on keeping ChromeDriver safe.
ChromeDriver was started successfully.
Dec 29, 2020 10:04:04 PM org.openqa.selenium.remote.ProtocolHandshake createSession
INFO: Detected dialect: W3C
]]></system-err>
  </testcase>
  <testcase name="testGiftSearch[Flower basket](1)" classname="com.romanceabroad.ui.GiftsTests" time="7.084">
    <system-err><![CDATA[1609308352581	Marionette	INFO	Stopped listening on port 37667
JavaScript error: resource://activity-stream/lib/ASRouter.jsm, line 987: NS_ERROR_ILLEGAL_VALUE: Component returned failure code: 0x80070057 (NS_ERROR_ILLEGAL_VALUE) [nsIObserverService.removeObserver]
1609308354451	mozrunner::runner	INFO	Running command: "/usr/lib/firefox/firefox" "-marionette" "-foreground" "-no-remote" "-profile" "/tmp/rust_mozprofile2IWBcM"
console.warn: SearchSettings: "get: No settings file exists, new profile?" (new Error("", "(unknown module)"))
1609308362007	Marionette	INFO	Listening on port 41867
1609308362120	Marionette	WARN	TLS certificate errors will be ignored for this session
Dec 29, 2020 10:06:02 PM org.openqa.selenium.remote.ProtocolHandshake createSession
INFO: Detected dialect: W3C
JavaScript warning: https://romanceabroad.com/application/js/jquery.js, line 131: unreachable code after return statement
JavaScript warning: https://romanceabroad.com/application/js/jquery.js, line 131: unreachable code after return statement
]]></system-err>
  </testcase>
  <testcase name="testGiftSearch[Spa](2)" classname="com.romanceabroad.ui.GiftsTests" time="8.181">
    <system-err><![CDATA[Starting OperaDriver 86.0.4240.80 (7ed88b53bda45a2d19efb4f8706dd6b6cad0d3af-refs/branch-heads/4240@{#1183}) on port 28955
Only local connections are allowed.
Please see https://chromedriver.chromium.org/security-considerations for suggestions on keeping OperaDriver safe.
OperaDriver was started successfully.
console.error: Region.jsm: "Error fetching region" (new Error("TIMEOUT", "resource://gre/modules/Region.jsm", 726))
console.error: Region.jsm: "Failed to fetch region" (new Error("TIMEOUT", "resource://gre/modules/Region.jsm", 376))
1609308239365	Marionette	INFO	Listening on port 38435
1609308239434	Marionette	WARN	TLS certificate errors will be ignored for this session
Dec 29, 2020 10:03:59 PM org.openqa.selenium.remote.ProtocolHandshake createSession
INFO: Detected dialect: W3C
[1609308242.724][WARNING]: This version of OperaDriver has not been tested with Opera version 87.
Dec 29, 2020 10:04:03 PM org.openqa.selenium.remote.ProtocolHandshake createSession
INFO: Detected dialect: OSS
]]></system-err>
  </testcase>
  <testcase name="testGiftSearch[Spa](2)" classname="com.romanceabroad.ui.GiftsTests" time="6.543"/>
  <testcase name="testGiftSearch[Spa](2)" classname="com.romanceabroad.ui.GiftsTests" time="6.593">
    <system-err><![CDATA[1609308375777	Marionette	INFO	Stopped listening on port 41867
JavaScript error: resource://activity-stream/lib/ASRouter.jsm, line 987: NS_ERROR_ILLEGAL_VALUE: Component returned failure code: 0x80070057 (NS_ERROR_ILLEGAL_VALUE) [nsIObserverService.removeObserver]
JavaScript error: https://romanceabroad.com/application/views/flatty/js/loading_content.js, line 103: TypeError: global.twig(...) is null

###!!! [Child][MessageChannel] Error: (msgtype=0x5C000E,name=PHttpChannel::Msg___delete__) Channel closing: too late to send/recv, messages will be lost


###!!! [Child][RunMessage] Error: Channel closing: too late to send/recv, messages will be lost

1609308377862	mozrunner::runner	INFO	Running command: "/usr/lib/firefox/firefox" "-marionette" "-foreground" "-no-remote" "-profile" "/tmp/rust_mozprofileZLEwgt"
console.warn: SearchSettings: "get: No settings file exists, new profile?" (new Error("", "(unknown module)"))
1609308383275	Marionette	INFO	Listening on port 46509
1609308383299	Marionette	WARN	TLS certificate errors will be ignored for this session
Dec 29, 2020 10:06:23 PM org.openqa.selenium.remote.ProtocolHandshake createSession
INFO: Detected dialect: W3C
JavaScript warning: https://romanceabroad.com/application/js/jquery.js, line 131: unreachable code after return statement
JavaScript warning: https://romanceabroad.com/application/js/jquery.js, line 131: unreachable code after return statement
]]></system-err>
  </testcase>
  <testcase name="testGiftSearch[Teddy bear](3)" classname="com.romanceabroad.ui.GiftsTests" time="7.166">
    <system-err><![CDATA[Starting OperaDriver 86.0.4240.80 (7ed88b53bda45a2d19efb4f8706dd6b6cad0d3af-refs/branch-heads/4240@{#1183}) on port 5128
Only local connections are allowed.
Please see https://chromedriver.chromium.org/security-considerations for suggestions on keeping OperaDriver safe.
OperaDriver was started successfully.
]]></system-err>
  </testcase>
  <testcase name="testGiftSearch[Teddy bear](3)" classname="com.romanceabroad.ui.GiftsTests" time="6.441">
    <system-out><![CDATA[2
Jan
1993
]]></system-out>
    <system-err><![CDATA[Starting OperaDriver 86.0.4240.80 (7ed88b53bda45a2d19efb4f8706dd6b6cad0d3af-refs/branch-heads/4240@{#1183}) on port 9394
Only local connections are allowed.
Please see https://chromedriver.chromium.org/security-considerations for suggestions on keeping OperaDriver safe.
OperaDriver was started successfully.
console.error: Region.jsm: "Error fetching region" (new Error("TIMEOUT", "resource://gre/modules/Region.jsm", 726))
console.error: Region.jsm: "Failed to fetch region" (new Error("TIMEOUT", "resource://gre/modules/Region.jsm", 376))
1609308283427	Marionette	INFO	Listening on port 40889
1609308283546	Marionette	WARN	TLS certificate errors will be ignored for this session
Dec 29, 2020 10:04:43 PM org.openqa.selenium.remote.ProtocolHandshake createSession
INFO: Detected dialect: W3C
[1609308285.321][WARNING]: This version of OperaDriver has not been tested with Opera version 87.
Dec 29, 2020 10:04:45 PM org.openqa.selenium.remote.ProtocolHandshake createSession
INFO: Detected dialect: OSS
]]></system-err>
  </testcase>
  <testcase name="testGiftSearch[Teddy bear](3)" classname="com.romanceabroad.ui.GiftsTests" time="6.583">
    <system-err><![CDATA[1609308396792	Marionette	INFO	Stopped listening on port 46509
JavaScript error: resource://activity-stream/lib/ASRouter.jsm, line 987: NS_ERROR_ILLEGAL_VALUE: Component returned failure code: 0x80070057 (NS_ERROR_ILLEGAL_VALUE) [nsIObserverService.removeObserver]
1609308399073	mozrunner::runner	INFO	Running command: "/usr/lib/firefox/firefox" "-marionette" "-foreground" "-no-remote" "-profile" "/tmp/rust_mozprofilePf0rMq"
console.warn: SearchSettings: "get: No settings file exists, new profile?" (new Error("", "(unknown module)"))
1609308405278	Marionette	INFO	Listening on port 35609
1609308405319	Marionette	WARN	TLS certificate errors will be ignored for this session
Dec 29, 2020 10:06:45 PM org.openqa.selenium.remote.ProtocolHandshake createSession
INFO: Detected dialect: W3C
JavaScript warning: https://romanceabroad.com/application/js/jquery.js, line 131: unreachable code after return statement
JavaScript warning: https://romanceabroad.com/application/js/jquery.js, line 131: unreachable code after return statement
]]></system-err>
  </testcase>
  <testcase name="testGiftSearch[TOURS TO UKRAIN](4)" classname="com.romanceabroad.ui.GiftsTests" time="3.075">
    <system-err><![CDATA[1609308262293	Marionette	INFO	Stopped listening on port 38435
JavaScript error: resource://activity-stream/lib/ASRouter.jsm, line 987: NS_ERROR_ILLEGAL_VALUE: Component returned failure code: 0x80070057 (NS_ERROR_ILLEGAL_VALUE) [nsIObserverService.removeObserver]

###!!! [Child][RunMessage] Error: Channel closing: too late to send/recv, messages will be lost

[1609308266.655][WARNING]: This version of OperaDriver has not been tested with Opera version 87.
Dec 29, 2020 10:04:26 PM org.openqa.selenium.remote.ProtocolHandshake createSession
INFO: Detected dialect: OSS
1609308268282	mozrunner::runner	INFO	Running command: "/usr/lib/firefox/firefox" "-marionette" "-foreground" "-no-remote" "-profile" "/tmp/rust_mozprofileIOCKpA"
console.warn: SearchSettings: "get: No settings file exists, new profile?" (new Error("", "(unknown module)"))
]]></system-err>
  </testcase>
  <testcase name="testGiftSearch[TOURS TO UKRAIN](4)" classname="com.romanceabroad.ui.GiftsTests" time="5.814">
    <system-err><![CDATA[1609308302575	Marionette	INFO	Stopped listening on port 40889
JavaScript error: resource://activity-stream/lib/ASRouter.jsm, line 987: NS_ERROR_ILLEGAL_VALUE: Component returned failure code: 0x80070057 (NS_ERROR_ILLEGAL_VALUE) [nsIObserverService.removeObserver]
[1609308304.607][WARNING]: This version of OperaDriver has not been tested with Opera version 87.
Dec 29, 2020 10:05:04 PM org.openqa.selenium.remote.ProtocolHandshake createSession
INFO: Detected dialect: OSS
1609308307930	mozrunner::runner	INFO	Running command: "/usr/lib/firefox/firefox" "-marionette" "-foreground" "-no-remote" "-profile" "/tmp/rust_mozprofileTtGahM"
console.warn: SearchSettings: "get: No settings file exists, new profile?" (new Error("", "(unknown module)"))
1609308315455	Marionette	INFO	Listening on port 33843
1609308315573	Marionette	WARN	TLS certificate errors will be ignored for this session
Dec 29, 2020 10:05:15 PM org.openqa.selenium.remote.ProtocolHandshake createSession
INFO: Detected dialect: W3C
]]></system-err>
  </testcase>
  <testcase name="testGiftSearch[TOURS TO UKRAIN](4)" classname="com.romanceabroad.ui.GiftsTests" time="6.54">
    <system-err><![CDATA[1609308418535	Marionette	INFO	Stopped listening on port 35609
JavaScript error: https://romanceabroad.com/application/views/flatty/js/loading_content.js, line 103: TypeError: global.twig(...) is null
JavaScript error: resource://activity-stream/lib/ASRouter.jsm, line 987: NS_ERROR_ILLEGAL_VALUE: Component returned failure code: 0x80070057 (NS_ERROR_ILLEGAL_VALUE) [nsIObserverService.removeObserver]
1609308420419	mozrunner::runner	INFO	Running command: "/usr/lib/firefox/firefox" "-marionette" "-foreground" "-no-remote" "-profile" "/tmp/rust_mozprofileiHtR3j"
console.warn: SearchSettings: "get: No settings file exists, new profile?" (new Error("", "(unknown module)"))
1609308426545	Marionette	INFO	Listening on port 43473
1609308426659	Marionette	WARN	TLS certificate errors will be ignored for this session
Dec 29, 2020 10:07:06 PM org.openqa.selenium.remote.ProtocolHandshake createSession
INFO: Detected dialect: W3C
JavaScript warning: https://romanceabroad.com/application/js/jquery.js, line 131: unreachable code after return statement
JavaScript warning: https://romanceabroad.com/application/js/jquery.js, line 131: unreachable code after return statement
]]></system-err>
  </testcase>
</testsuite>