<?xml version="1.0" encoding="UTF-8"?>
<!-- Generated by org.testng.reporters.JUnitXMLReporter -->
<testsuite hostname="dream" ignored="2" name="ChromeTestCases" tests="13" failures="0" timestamp="30 Dec 2020 05:58:27 GMT" time="246.314" errors="0">
  <testcase name="testRegistration" time="16.313" classname="com.romanceabroad.ui.RegistrationTests"/>
  <testcase name="testRegistration" time="15.713" classname="com.romanceabroad.ui.RegistrationTests"/>
  <testcase name="testRegistration" time="14.134" classname="com.romanceabroad.ui.RegistrationTests"/>
  <testcase name="testRegistration2" time="14.935" classname="com.romanceabroad.ui.RegistrationTests"/>
  <testcase name="testRegistration2" time="3.567" classname="com.romanceabroad.ui.RegistrationTests"/>
  <testcase name="testRegistration2" time="11.966" classname="com.romanceabroad.ui.RegistrationTests"/>
  <testcase name="testRegistration2" time="11.297" classname="com.romanceabroad.ui.RegistrationTests2"/>
  <testcase name="testRegistration2" time="3.536" classname="com.romanceabroad.ui.RegistrationTests2"/>
  <testcase name="testRegistration2" time="11.29" classname="com.romanceabroad.ui.RegistrationTests2"/>
  <testcase name="testGiftSearch" time="7.792" classname="com.romanceabroad.ui.GiftsTests"/>
  <testcase name="testGiftSearch" time="7.212" classname="com.romanceabroad.ui.GiftsTests"/>
  <testcase name="testGiftSearch" time="6.14" classname="com.romanceabroad.ui.GiftsTests"/>
  <testcase name="testGiftSearch" time="6.157" classname="com.romanceabroad.ui.GiftsTests"/>
  <testcase name="testBestsellerSelection" time="0.0" classname="com.romanceabroad.ui.GiftsTests">
    <ignored/>
  </testcase> <!-- testBestsellerSelection -->
  <testcase name="testBestsellerPurchase" time="0.0" classname="com.romanceabroad.ui.GiftsTests">
    <ignored/>
  </testcase> <!-- testBestsellerPurchase -->
</testsuite> <!-- ChromeTestCases -->
