<?xml version="1.0" encoding="UTF-8"?>
<!-- Generated by org.testng.reporters.JUnitXMLReporter -->
<testsuite hostname="dream" ignored="2" name="FireFoxTestCases" tests="13" failures="0" timestamp="30 Dec 2020 06:00:22 GMT" time="361.361" errors="0">
  <testcase name="testRegistration" time="13.553" classname="com.romanceabroad.ui.RegistrationTests"/>
  <testcase name="testRegistration" time="11.667" classname="com.romanceabroad.ui.RegistrationTests"/>
  <testcase name="testRegistration" time="13.374" classname="com.romanceabroad.ui.RegistrationTests"/>
  <testcase name="testRegistration2" time="11.42" classname="com.romanceabroad.ui.RegistrationTests"/>
  <testcase name="testRegistration2" time="4.261" classname="com.romanceabroad.ui.RegistrationTests"/>
  <testcase name="testRegistration2" time="10.525" classname="com.romanceabroad.ui.RegistrationTests"/>
  <testcase name="testRegistration2" time="11.3" classname="com.romanceabroad.ui.RegistrationTests2"/>
  <testcase name="testRegistration2" time="4.249" classname="com.romanceabroad.ui.RegistrationTests2"/>
  <testcase name="testRegistration2" time="10.189" classname="com.romanceabroad.ui.RegistrationTests2"/>
  <testcase name="testGiftSearch" time="7.701" classname="com.romanceabroad.ui.GiftsTests"/>
  <testcase name="testGiftSearch" time="6.719" classname="com.romanceabroad.ui.GiftsTests"/>
  <testcase name="testGiftSearch" time="7.154" classname="com.romanceabroad.ui.GiftsTests"/>
  <testcase name="testGiftSearch" time="6.503" classname="com.romanceabroad.ui.GiftsTests"/>
  <testcase name="testBestsellerSelection" time="0.0" classname="com.romanceabroad.ui.GiftsTests">
    <ignored/>
  </testcase> <!-- testBestsellerSelection -->
  <testcase name="testBestsellerPurchase" time="0.0" classname="com.romanceabroad.ui.GiftsTests">
    <ignored/>
  </testcase> <!-- testBestsellerPurchase -->
</testsuite> <!-- FireFoxTestCases -->
