<?xml version="1.0" encoding="UTF-8"?>
<!-- Generated by org.testng.reporters.JUnitXMLReporter -->
<testsuite hostname="dream" ignored="2" name="OperaTestCases" tests="13" failures="0" timestamp="30 Dec 2020 05:58:31 GMT" time="249.832" errors="0">
  <testcase name="testRegistration" time="15.901" classname="com.romanceabroad.ui.RegistrationTests"/>
  <testcase name="testRegistration" time="15.737" classname="com.romanceabroad.ui.RegistrationTests"/>
  <testcase name="testRegistration" time="15.382" classname="com.romanceabroad.ui.RegistrationTests"/>
  <testcase name="testRegistration2" time="14.73" classname="com.romanceabroad.ui.RegistrationTests"/>
  <testcase name="testRegistration2" time="3.482" classname="com.romanceabroad.ui.RegistrationTests"/>
  <testcase name="testRegistration2" time="11.753" classname="com.romanceabroad.ui.RegistrationTests"/>
  <testcase name="testRegistration2" time="11.613" classname="com.romanceabroad.ui.RegistrationTests2"/>
  <testcase name="testRegistration2" time="3.688" classname="com.romanceabroad.ui.RegistrationTests2"/>
  <testcase name="testRegistration2" time="11.886" classname="com.romanceabroad.ui.RegistrationTests2"/>
  <testcase name="testGiftSearch" time="6.453" classname="com.romanceabroad.ui.GiftsTests"/>
  <testcase name="testGiftSearch" time="6.469" classname="com.romanceabroad.ui.GiftsTests"/>
  <testcase name="testGiftSearch" time="6.181" classname="com.romanceabroad.ui.GiftsTests"/>
  <testcase name="testGiftSearch" time="6.241" classname="com.romanceabroad.ui.GiftsTests"/>
  <testcase name="testBestsellerSelection" time="0.0" classname="com.romanceabroad.ui.GiftsTests">
    <ignored/>
  </testcase> <!-- testBestsellerSelection -->
  <testcase name="testBestsellerPurchase" time="0.0" classname="com.romanceabroad.ui.GiftsTests">
    <ignored/>
  </testcase> <!-- testBestsellerPurchase -->
</testsuite> <!-- OperaTestCases -->
